28.7.2024, 14:25:25 - INFO - Server ready at port 3030
28.7.2024, 14:25:29 - INFO - Server ready at port 3030
28.7.2024, 14:25:30 - INFO - Server ready at port 3030
28.7.2024, 14:25:31 - INFO - Server ready at port 3030
28.7.2024, 14:25:41 - INFO - Server ready at port 3030
28.7.2024, 14:25:44 - INFO - Server ready at port 3030
28.7.2024, 14:25:46 - INFO - Server ready at port 3030
28.7.2024, 14:25:48 - INFO - Server ready at port 3030
28.7.2024, 14:25:50 - INFO - Server ready at port 3030
28.7.2024, 14:26:20 - INFO - Server ready at port 3030
28.7.2024, 14:26:50 - INFO - Server ready at port 3030
28.7.2024, 14:26:52 - INFO - Server ready at port 3030
28.7.2024, 14:26:55 - INFO - Server ready at port 3030
28.7.2024, 14:27:00 - INFO - Server ready at port 3030
28.7.2024, 14:27:04 - INFO - Server ready at port 3030
28.7.2024, 14:29:06 - ERROR - Couldnt ger bugs | TypeError: Cannot read properties of undefined (reading 'includes')
28.7.2024, 14:30:05 - ERROR - Couldnt ger bugs | TypeError: Cannot read properties of undefined (reading 'includes')
28.7.2024, 14:30:08 - ERROR - Couldnt ger bugs | TypeError: Cannot read properties of undefined (reading 'includes')
28.7.2024, 14:30:11 - ERROR - Couldnt ger bugs | TypeError: Cannot read properties of undefined (reading 'includes')
28.7.2024, 14:30:15 - ERROR - Couldnt ger bugs | TypeError: Cannot read properties of undefined (reading 'includes')
28.7.2024, 14:30:19 - ERROR - Couldnt ger bugs | TypeError: Cannot read properties of undefined (reading 'includes')
28.7.2024, 14:30:23 - ERROR - Couldnt ger bugs | TypeError: Cannot read properties of undefined (reading 'includes')
28.7.2024, 14:30:24 - ERROR - Couldnt ger bugs | TypeError: Cannot read properties of undefined (reading 'includes')
28.7.2024, 14:30:39 - ERROR - Couldnt ger bugs | TypeError: Cannot read properties of undefined (reading 'includes')
28.7.2024, 14:30:43 - ERROR - Couldnt ger bugs | TypeError: Cannot read properties of undefined (reading 'includes')
28.7.2024, 14:30:46 - ERROR - Couldnt ger bugs | TypeError: Cannot read properties of undefined (reading 'includes')
28.7.2024, 14:30:49 - ERROR - Couldnt ger bugs | TypeError: Cannot read properties of undefined (reading 'includes')
28.7.2024, 14:30:51 - ERROR - Couldnt ger bugs | TypeError: Cannot read properties of undefined (reading 'includes')
28.7.2024, 14:30:53 - ERROR - Couldnt ger bugs | TypeError: Cannot read properties of undefined (reading 'includes')
28.7.2024, 14:30:55 - ERROR - Couldnt ger bugs | TypeError: Cannot read properties of undefined (reading 'includes')
28.7.2024, 14:31:06 - ERROR - Couldnt ger bugs | TypeError: Cannot read properties of undefined (reading 'includes')
28.7.2024, 14:31:17 - ERROR - Couldnt ger bugs | TypeError: Cannot read properties of undefined (reading 'includes')
28.7.2024, 14:31:27 - ERROR - Couldnt ger bugs | TypeError: Cannot read properties of undefined (reading 'includes')
28.7.2024, 14:31:32 - ERROR - Couldnt ger bugs | TypeError: Cannot read properties of undefined (reading 'includes')
28.7.2024, 14:31:54 - ERROR - Couldnt ger bugs | TypeError: Cannot read properties of undefined (reading 'includes')
28.7.2024, 14:32:17 - ERROR - Couldnt ger bugs | TypeError: Cannot read properties of undefined (reading 'includes')
28.7.2024, 14:32:20 - ERROR - Couldnt ger bugs | TypeError: Cannot read properties of undefined (reading 'includes')
28.7.2024, 14:32:32 - ERROR - Couldnt ger bugs | TypeError: Cannot read properties of undefined (reading 'includes')
28.7.2024, 14:33:35 - INFO - Server ready at port 3030
28.7.2024, 14:34:33 - INFO - Server ready at port 3030
28.7.2024, 14:34:44 - INFO - Server ready at port 3030
28.7.2024, 14:38:38 - INFO - Server ready at port 3030
28.7.2024, 14:38:40 - INFO - Server ready at port 3030
28.7.2024, 14:38:56 - INFO - Server ready at port 3030
28.7.2024, 14:38:57 - INFO - Server ready at port 3030
28.7.2024, 14:39:01 - INFO - Server ready at port 3030
28.7.2024, 14:39:03 - INFO - Server ready at port 3030
28.7.2024, 14:39:07 - INFO - Server ready at port 3030
28.7.2024, 14:39:19 - INFO - Server ready at port 3030
28.7.2024, 14:39:50 - INFO - Server ready at port 3030
28.7.2024, 14:40:13 - INFO - Server ready at port 3030
28.7.2024, 14:41:21 - INFO - Server ready at port 3030
28.7.2024, 14:41:27 - INFO - Server ready at port 3030
28.7.2024, 14:41:36 - INFO - Server ready at port 3030
28.7.2024, 14:41:40 - INFO - Server ready at port 3030
28.7.2024, 14:41:42 - INFO - Server ready at port 3030
28.7.2024, 14:41:45 - INFO - Server ready at port 3030
28.7.2024, 14:41:48 - INFO - Server ready at port 3030
28.7.2024, 14:43:34 - INFO - Server ready at port 3030
28.7.2024, 14:43:40 - INFO - Server ready at port 3030
28.7.2024, 14:44:07 - INFO - Server ready at port 3030
28.7.2024, 14:44:39 - INFO - Server ready at port 3030
28.7.2024, 14:45:00 - INFO - Server ready at port 3030
28.7.2024, 14:45:12 - INFO - Server ready at port 3030
28.7.2024, 14:45:20 - INFO - Server ready at port 3030
28.7.2024, 14:47:25 - INFO - Server ready at port 3030
28.7.2024, 14:47:45 - INFO - Server ready at port 3030
28.7.2024, 14:48:17 - INFO - Server ready at port 3030
28.7.2024, 14:48:20 - INFO - Server ready at port 3030
28.7.2024, 14:48:33 - INFO - Server ready at port 3030
28.7.2024, 14:48:38 - INFO - Server ready at port 3030
28.7.2024, 14:48:41 - INFO - Server ready at port 3030
28.7.2024, 14:48:42 - INFO - Server ready at port 3030
28.7.2024, 14:48:44 - INFO - Server ready at port 3030
28.7.2024, 14:48:52 - INFO - Server ready at port 3030
28.7.2024, 14:48:55 - ERROR - Couldnt get bugs | ReferenceError: labels is not defined
28.7.2024, 14:49:58 - INFO - Server ready at port 3030
28.7.2024, 14:50:01 - ERROR - Couldnt get bugs | ReferenceError: labels is not defined
28.7.2024, 14:50:17 - ERROR - Couldnt get bugs | ReferenceError: labels is not defined
28.7.2024, 14:50:17 - INFO - Server ready at port 3030
28.7.2024, 14:50:26 - INFO - Server ready at port 3030
28.7.2024, 14:50:59 - INFO - Server ready at port 3030
28.7.2024, 14:51:00 - INFO - Server ready at port 3030
28.7.2024, 14:51:05 - INFO - Server ready at port 3030
28.7.2024, 14:51:07 - ERROR - Couldnt get bugs | ReferenceError: labels is not defined
28.7.2024, 14:52:20 - ERROR - Couldnt get bugs | ReferenceError: labels is not defined
28.7.2024, 14:52:23 - ERROR - Couldnt get bugs | ReferenceError: labels is not defined
28.7.2024, 14:52:30 - ERROR - Couldnt get bugs | ReferenceError: labels is not defined
28.7.2024, 14:52:48 - ERROR - Couldnt get bugs | ReferenceError: labels is not defined
28.7.2024, 14:52:51 - ERROR - Couldnt get bugs | ReferenceError: labels is not defined
28.7.2024, 14:55:05 - ERROR - Couldnt get bugs | ReferenceError: labels is not defined
28.7.2024, 14:55:09 - ERROR - Couldnt get bugs | ReferenceError: labels is not defined
28.7.2024, 14:57:00 - INFO - Server ready at port 3030
28.7.2024, 14:57:02 - ERROR - Couldnt get bugsss | ReferenceError: labels is not defined
28.7.2024, 14:57:11 - INFO - Server ready at port 3030
28.7.2024, 14:57:26 - INFO - Server ready at port 3030
28.7.2024, 14:57:33 - INFO - Server ready at port 3030
28.7.2024, 14:57:49 - INFO - Server ready at port 3030
28.7.2024, 14:57:55 - INFO - Server ready at port 3030
28.7.2024, 14:57:59 - INFO - Server ready at port 3030
28.7.2024, 14:58:03 - INFO - Server ready at port 3030
28.7.2024, 14:58:06 - INFO - Server ready at port 3030
28.7.2024, 14:58:17 - INFO - Server ready at port 3030
28.7.2024, 14:58:20 - INFO - Server ready at port 3030
28.7.2024, 14:59:04 - INFO - Server ready at port 3030
28.7.2024, 14:59:48 - INFO - Server ready at port 3030
28.7.2024, 15:00:08 - INFO - Server ready at port 3030
28.7.2024, 15:00:15 - INFO - Server ready at port 3030
28.7.2024, 15:00:20 - INFO - Server ready at port 3030
28.7.2024, 15:00:42 - INFO - Server ready at port 3030
28.7.2024, 15:00:43 - INFO - Server ready at port 3030
28.7.2024, 15:00:48 - INFO - Server ready at port 3030
28.7.2024, 15:01:12 - INFO - Server ready at port 3030
28.7.2024, 15:01:13 - INFO - Server ready at port 3030
28.7.2024, 15:01:16 - INFO - Server ready at port 3030
28.7.2024, 15:02:18 - INFO - Server ready at port 3030
28.7.2024, 15:02:27 - INFO - Server ready at port 3030
28.7.2024, 15:03:01 - INFO - Server ready at port 3030
28.7.2024, 15:03:13 - INFO - Server ready at port 3030
28.7.2024, 15:04:32 - INFO - Server ready at port 3030
28.7.2024, 15:04:33 - INFO - Server ready at port 3030
28.7.2024, 15:04:35 - INFO - Server ready at port 3030
28.7.2024, 15:04:49 - INFO - Server ready at port 3030
28.7.2024, 15:04:50 - INFO - Server ready at port 3030
28.7.2024, 15:04:53 - INFO - Server ready at port 3030
28.7.2024, 15:04:55 - INFO - Server ready at port 3030
28.7.2024, 15:04:57 - INFO - Server ready at port 3030
28.7.2024, 15:05:02 - INFO - Server ready at port 3030
28.7.2024, 15:05:59 - INFO - Server ready at port 3030
28.7.2024, 15:06:18 - INFO - Server ready at port 3030
28.7.2024, 15:06:20 - INFO - Server ready at port 3030
28.7.2024, 15:06:28 - INFO - Server ready at port 3030
28.7.2024, 15:06:30 - INFO - Server ready at port 3030
28.7.2024, 15:07:00 - INFO - Server ready at port 3030
28.7.2024, 15:07:03 - INFO - Server ready at port 3030
28.7.2024, 15:07:10 - INFO - Server ready at port 3030
28.7.2024, 15:07:14 - INFO - Server ready at port 3030
28.7.2024, 15:07:22 - INFO - Server ready at port 3030
28.7.2024, 15:07:41 - INFO - Server ready at port 3030
28.7.2024, 15:07:43 - INFO - Server ready at port 3030
28.7.2024, 15:07:48 - INFO - Server ready at port 3030
28.7.2024, 15:07:50 - INFO - Server ready at port 3030
28.7.2024, 15:07:56 - INFO - Server ready at port 3030
28.7.2024, 15:08:27 - INFO - Server ready at port 3030
28.7.2024, 15:08:28 - INFO - Server ready at port 3030
28.7.2024, 15:08:32 - INFO - Server ready at port 3030
28.7.2024, 15:09:15 - INFO - Server ready at port 3030
28.7.2024, 15:09:18 - INFO - Server ready at port 3030
28.7.2024, 15:09:19 - INFO - Server ready at port 3030
28.7.2024, 15:09:21 - INFO - Server ready at port 3030
28.7.2024, 15:09:25 - INFO - Server ready at port 3030
28.7.2024, 15:09:28 - INFO - Server ready at port 3030
28.7.2024, 15:09:46 - INFO - Server ready at port 3030
28.7.2024, 15:09:59 - INFO - Server ready at port 3030
28.7.2024, 15:10:49 - INFO - Server ready at port 3030
28.7.2024, 15:10:51 - INFO - Server ready at port 3030
28.7.2024, 15:10:57 - INFO - Server ready at port 3030
28.7.2024, 15:10:59 - INFO - Server ready at port 3030
28.7.2024, 15:11:03 - INFO - Server ready at port 3030
28.7.2024, 15:11:07 - INFO - Server ready at port 3030
28.7.2024, 15:11:10 - INFO - Server ready at port 3030
28.7.2024, 15:11:39 - INFO - Server ready at port 3030
28.7.2024, 15:12:08 - INFO - Server ready at port 3030
28.7.2024, 15:12:29 - INFO - Server ready at port 3030
28.7.2024, 15:15:53 - INFO - Server ready at port 3030
28.7.2024, 15:15:59 - INFO - Server ready at port 3030
28.7.2024, 15:16:03 - INFO - Server ready at port 3030
28.7.2024, 15:16:24 - INFO - Server ready at port 3030
28.7.2024, 15:16:28 - INFO - Server ready at port 3030
28.7.2024, 15:16:30 - INFO - Server ready at port 3030
28.7.2024, 15:16:33 - INFO - Server ready at port 3030
28.7.2024, 15:16:38 - INFO - Server ready at port 3030
28.7.2024, 15:19:42 - INFO - saved succsfully | {"_id":"td0aMY","title":"Lonely","severity":3,"description":"very important","createAt":"2024-07-24T09:40:16.297Z","updateTime":"2024-07-28T12:19:42.323Z"}
28.7.2024, 15:19:43 - INFO - Server ready at port 3030
28.7.2024, 15:20:10 - INFO - Server ready at port 3030
28.7.2024, 15:20:12 - INFO - Server ready at port 3030
28.7.2024, 15:20:14 - INFO - Server ready at port 3030
28.7.2024, 15:20:28 - ERROR - Couldnt get bugs | TypeError: Cannot read properties of undefined (reading 'includes')
28.7.2024, 15:22:38 - INFO - Server ready at port 3030
28.7.2024, 15:22:47 - ERROR - Couldnt get bugs | TypeError: Cannot read properties of undefined (reading 'includes')
28.7.2024, 15:23:17 - INFO - Server ready at port 3030
28.7.2024, 15:23:22 - ERROR - Couldnt get bugs | TypeError: Cannot read properties of undefined (reading 'includes')
28.7.2024, 15:24:10 - INFO - Server ready at port 3030
28.7.2024, 15:24:13 - INFO - Server ready at port 3030
28.7.2024, 15:24:14 - INFO - Server ready at port 3030
28.7.2024, 15:24:16 - INFO - Server ready at port 3030
28.7.2024, 15:24:18 - INFO - Server ready at port 3030
28.7.2024, 15:24:19 - INFO - Server ready at port 3030
28.7.2024, 15:24:22 - INFO - Server ready at port 3030
28.7.2024, 15:24:26 - INFO - Server ready at port 3030
28.7.2024, 15:24:28 - INFO - Server ready at port 3030
28.7.2024, 15:24:30 - INFO - Server ready at port 3030
28.7.2024, 15:24:35 - ERROR - Couldnt get bugs | TypeError: Cannot read properties of undefined (reading 'includes')
28.7.2024, 15:25:08 - INFO - Server ready at port 3030
28.7.2024, 15:25:17 - INFO - Server ready at port 3030
28.7.2024, 15:25:21 - ERROR - Couldnt get bugs | TypeError: Cannot read properties of undefined (reading 'includes')
28.7.2024, 15:25:33 - INFO - Server ready at port 3030
28.7.2024, 15:25:56 - INFO - Server ready at port 3030
28.7.2024, 15:25:58 - INFO - Server ready at port 3030
28.7.2024, 15:26:13 - INFO - Server ready at port 3030
28.7.2024, 15:26:28 - INFO - Server ready at port 3030
28.7.2024, 15:26:31 - ERROR - Couldnt get bugs | TypeError: Cannot read properties of undefined (reading 'includes')
28.7.2024, 15:27:36 - ERROR - Couldnt get bugs | TypeError: Cannot read properties of undefined (reading 'includes')
28.7.2024, 15:27:39 - ERROR - Couldnt get bugs | TypeError: Cannot read properties of undefined (reading 'includes')
28.7.2024, 15:27:54 - INFO - Server ready at port 3030
28.7.2024, 15:27:59 - ERROR - Couldnt get bugs | TypeError: Cannot read properties of undefined (reading 'includes')
28.7.2024, 15:28:27 - INFO - Server ready at port 3030
28.7.2024, 15:28:31 - INFO - Server ready at port 3030
28.7.2024, 15:28:33 - INFO - Server ready at port 3030
28.7.2024, 15:28:36 - INFO - Server ready at port 3030
28.7.2024, 15:28:40 - INFO - Server ready at port 3030
28.7.2024, 15:28:45 - ERROR - Couldnt get bugs | TypeError: Cannot read properties of undefined (reading 'includes')
28.7.2024, 15:29:06 - INFO - Server ready at port 3030
28.7.2024, 15:29:08 - INFO - Server ready at port 3030
28.7.2024, 15:29:10 - ERROR - Couldnt get bugs | TypeError: Cannot read properties of undefined (reading 'includes')
28.7.2024, 15:29:30 - INFO - Server ready at port 3030
28.7.2024, 15:29:32 - INFO - Server ready at port 3030
28.7.2024, 15:29:40 - INFO - Server ready at port 3030
28.7.2024, 15:29:45 - ERROR - Couldnt get bugs | TypeError: Cannot read properties of undefined (reading 'includes')
28.7.2024, 15:29:56 - INFO - Server ready at port 3030
28.7.2024, 15:29:59 - INFO - Server ready at port 3030
28.7.2024, 15:30:02 - ERROR - Couldnt get bugs | TypeError: Cannot read properties of undefined (reading 'includes')
28.7.2024, 15:30:37 - INFO - Server ready at port 3030
28.7.2024, 15:30:46 - INFO - Server ready at port 3030
28.7.2024, 15:30:51 - INFO - Server ready at port 3030
28.7.2024, 15:30:56 - ERROR - Couldnt get bugs | TypeError: Cannot read properties of undefined (reading 'includes')
28.7.2024, 15:31:08 - INFO - Server ready at port 3030
28.7.2024, 15:31:39 - INFO - Server ready at port 3030
28.7.2024, 15:31:41 - ERROR - Couldnt get bugs | TypeError: Cannot read properties of undefined (reading 'includes')
28.7.2024, 15:31:49 - INFO - Server ready at port 3030
28.7.2024, 15:32:02 - INFO - Server ready at port 3030
28.7.2024, 15:32:09 - INFO - Server ready at port 3030
28.7.2024, 15:32:16 - INFO - Server ready at port 3030
28.7.2024, 15:32:19 - INFO - Server ready at port 3030
28.7.2024, 15:32:24 - INFO - Server ready at port 3030
28.7.2024, 15:32:26 - INFO - Server ready at port 3030
28.7.2024, 15:32:28 - ERROR - Couldnt get bugs | TypeError: Cannot read properties of undefined (reading 'includes')
28.7.2024, 15:32:33 - INFO - Server ready at port 3030
28.7.2024, 15:32:33 - ERROR - Couldnt get bugs | TypeError: Cannot read properties of undefined (reading 'includes')
28.7.2024, 15:32:45 - INFO - Server ready at port 3030
28.7.2024, 15:32:46 - ERROR - Couldnt get bugs | TypeError: Cannot read properties of undefined (reading 'includes')
28.7.2024, 15:33:01 - INFO - Server ready at port 3030
28.7.2024, 15:33:06 - INFO - Server ready at port 3030
28.7.2024, 15:33:18 - INFO - Server ready at port 3030
28.7.2024, 17:51:30 - INFO - Server ready at port 3030
28.7.2024, 17:51:32 - INFO - Server ready at port 3030
28.7.2024, 17:52:01 - INFO - Server ready at port 3030
28.7.2024, 17:52:03 - INFO - Server ready at port 3030
28.7.2024, 17:52:11 - INFO - Server ready at port 3030
28.7.2024, 17:53:36 - INFO - Server ready at port 3030
28.7.2024, 17:53:41 - INFO - Server ready at port 3030
28.7.2024, 17:53:44 - INFO - Server ready at port 3030
28.7.2024, 17:54:19 - INFO - Server ready at port 3030
28.7.2024, 17:54:28 - INFO - Server ready at port 3030
28.7.2024, 17:54:29 - INFO - Server ready at port 3030
28.7.2024, 17:54:30 - INFO - Server ready at port 3030
28.7.2024, 17:54:33 - INFO - Server ready at port 3030
28.7.2024, 17:54:35 - INFO - Server ready at port 3030
28.7.2024, 17:54:43 - INFO - Server ready at port 3030
28.7.2024, 17:54:48 - INFO - Server ready at port 3030
28.7.2024, 17:54:55 - INFO - Server ready at port 3030
28.7.2024, 17:55:02 - INFO - Server ready at port 3030
28.7.2024, 17:55:05 - INFO - Server ready at port 3030
28.7.2024, 17:55:18 - INFO - Server ready at port 3030
28.7.2024, 17:55:32 - INFO - Server ready at port 3030
28.7.2024, 17:55:41 - INFO - Server ready at port 3030
28.7.2024, 17:55:48 - INFO - Server ready at port 3030
28.7.2024, 17:55:52 - INFO - Server ready at port 3030
28.7.2024, 17:56:09 - INFO - Server ready at port 3030
28.7.2024, 17:56:12 - INFO - Server ready at port 3030
28.7.2024, 17:56:16 - INFO - Server ready at port 3030
28.7.2024, 17:56:19 - INFO - Server ready at port 3030
28.7.2024, 17:57:08 - INFO - Server ready at port 3030
28.7.2024, 17:57:44 - INFO - Server ready at port 3030
28.7.2024, 17:57:47 - INFO - Server ready at port 3030
28.7.2024, 17:57:52 - INFO - Server ready at port 3030
28.7.2024, 17:57:57 - INFO - Server ready at port 3030
28.7.2024, 17:57:59 - INFO - Server ready at port 3030
28.7.2024, 17:58:08 - INFO - Server ready at port 3030
28.7.2024, 17:58:11 - INFO - Server ready at port 3030
28.7.2024, 17:58:14 - INFO - Server ready at port 3030
28.7.2024, 17:58:15 - INFO - Server ready at port 3030
28.7.2024, 17:58:40 - INFO - Server ready at port 3030
28.7.2024, 17:58:42 - INFO - Server ready at port 3030
28.7.2024, 17:58:47 - INFO - Server ready at port 3030
28.7.2024, 17:58:49 - INFO - Server ready at port 3030
28.7.2024, 17:58:50 - INFO - Server ready at port 3030
28.7.2024, 17:58:52 - INFO - Server ready at port 3030
28.7.2024, 17:58:54 - INFO - Server ready at port 3030
28.7.2024, 17:59:29 - INFO - saved succsfully | {"_id":"UaS2DJ","title":"Amit","severity":1,"description":"fgfgfg","createAt":"2024-07-28T14:59:29.107Z"}
28.7.2024, 17:59:29 - INFO - Server ready at port 3030
28.7.2024, 17:59:45 - INFO - Server ready at port 3030
28.7.2024, 17:59:54 - INFO - Server ready at port 3030
28.7.2024, 18:00:04 - INFO - Server ready at port 3030
28.7.2024, 19:23:30 - INFO - Server ready at port 3030
28.7.2024, 19:23:41 - INFO - Server ready at port 3030
28.7.2024, 19:23:50 - INFO - Server ready at port 3030
28.7.2024, 19:23:53 - INFO - Server ready at port 3030
28.7.2024, 19:23:57 - INFO - Server ready at port 3030
28.7.2024, 19:41:10 - INFO - Server ready at port 3030
28.7.2024, 19:41:40 - ERROR - Couldnt get bugs | TypeError: Cannot read properties of undefined (reading 'includes')
28.7.2024, 19:43:24 - INFO - Server ready at port 3030
28.7.2024, 19:43:32 - INFO - Server ready at port 3030
28.7.2024, 19:43:35 - INFO - Server ready at port 3030
28.7.2024, 19:44:39 - INFO - Server ready at port 3030
28.7.2024, 19:44:44 - INFO - Server ready at port 3030
28.7.2024, 19:44:50 - INFO - Server ready at port 3030
28.7.2024, 19:46:28 - INFO - Server ready at port 3030
28.7.2024, 19:47:07 - INFO - Server ready at port 3030
28.7.2024, 19:47:18 - INFO - Server ready at port 3030
28.7.2024, 19:49:24 - INFO - Server ready at port 3030
28.7.2024, 19:49:28 - INFO - Server ready at port 3030
28.7.2024, 19:49:41 - INFO - Server ready at port 3030
28.7.2024, 19:49:50 - INFO - Server ready at port 3030
28.7.2024, 19:50:16 - INFO - Server ready at port 3030
28.7.2024, 19:50:24 - INFO - Server ready at port 3030
28.7.2024, 19:50:28 - INFO - Server ready at port 3030
28.7.2024, 19:50:31 - INFO - Server ready at port 3030
28.7.2024, 19:52:48 - INFO - Server ready at port 3030
28.7.2024, 21:29:15 - INFO - Server ready at port 3030
28.7.2024, 21:29:48 - INFO - Server ready at port 3030
28.7.2024, 21:30:22 - INFO - Server ready at port 3030
28.7.2024, 21:30:31 - INFO - Server ready at port 3030
28.7.2024, 21:30:37 - INFO - Server ready at port 3030
28.7.2024, 21:32:04 - INFO - Server ready at port 3030
28.7.2024, 21:32:06 - INFO - Server ready at port 3030
28.7.2024, 21:32:54 - INFO - Server ready at port 3030
28.7.2024, 21:32:57 - INFO - Server ready at port 3030
28.7.2024, 21:33:03 - INFO - Server ready at port 3030
28.7.2024, 21:33:18 - INFO - Server ready at port 3030
28.7.2024, 21:33:21 - INFO - Server ready at port 3030
28.7.2024, 21:33:22 - INFO - Server ready at port 3030
28.7.2024, 21:56:24 - INFO - Server ready at port 3030
28.7.2024, 21:56:28 - INFO - Server ready at port 3030
28.7.2024, 21:56:31 - INFO - Server ready at port 3030
28.7.2024, 21:56:36 - INFO - Server ready at port 3030
28.7.2024, 21:56:37 - INFO - Server ready at port 3030
28.7.2024, 21:56:44 - INFO - Server ready at port 3030
28.7.2024, 21:56:46 - INFO - Server ready at port 3030
28.7.2024, 21:57:15 - INFO - Server ready at port 3030
28.7.2024, 21:57:22 - INFO - Server ready at port 3030
28.7.2024, 21:57:42 - INFO - Server ready at port 3030
28.7.2024, 21:57:47 - INFO - Server ready at port 3030
28.7.2024, 21:57:51 - INFO - Server ready at port 3030
28.7.2024, 21:57:53 - INFO - Server ready at port 3030
28.7.2024, 21:57:58 - INFO - Server ready at port 3030
28.7.2024, 22:17:07 - INFO - Server ready at port 3030
28.7.2024, 22:17:09 - INFO - Server ready at port 3030
28.7.2024, 22:17:17 - INFO - Server ready at port 3030
28.7.2024, 22:17:47 - INFO - Server ready at port 3030
28.7.2024, 22:17:54 - INFO - Server ready at port 3030
28.7.2024, 22:17:55 - INFO - Server ready at port 3030
28.7.2024, 22:17:58 - INFO - Server ready at port 3030
28.7.2024, 22:18:03 - INFO - Server ready at port 3030
28.7.2024, 22:18:06 - INFO - Server ready at port 3030
28.7.2024, 22:18:09 - INFO - Server ready at port 3030
28.7.2024, 22:18:13 - INFO - Server ready at port 3030
28.7.2024, 22:18:15 - INFO - Server ready at port 3030
28.7.2024, 22:18:16 - INFO - Server ready at port 3030
28.7.2024, 22:18:39 - INFO - Server ready at port 3030
28.7.2024, 22:18:43 - INFO - Server ready at port 3030
28.7.2024, 22:18:44 - INFO - Server ready at port 3030
28.7.2024, 22:18:46 - INFO - Server ready at port 3030
28.7.2024, 22:18:49 - INFO - Server ready at port 3030
28.7.2024, 22:18:50 - INFO - Server ready at port 3030
28.7.2024, 22:19:05 - INFO - Server ready at port 3030
28.7.2024, 22:19:07 - INFO - Server ready at port 3030
28.7.2024, 22:19:38 - INFO - Server ready at port 3030
28.7.2024, 22:19:41 - INFO - Server ready at port 3030
28.7.2024, 22:19:49 - INFO - Server ready at port 3030
28.7.2024, 22:19:52 - INFO - Server ready at port 3030
28.7.2024, 22:20:12 - INFO - Server ready at port 3030
28.7.2024, 22:20:15 - INFO - Server ready at port 3030
28.7.2024, 22:20:16 - INFO - Server ready at port 3030
28.7.2024, 22:20:18 - INFO - Server ready at port 3030
28.7.2024, 22:20:28 - INFO - Server ready at port 3030
28.7.2024, 22:20:36 - INFO - Server ready at port 3030
28.7.2024, 22:20:39 - INFO - Server ready at port 3030
28.7.2024, 22:21:01 - INFO - Server ready at port 3030
28.7.2024, 22:21:03 - INFO - Server ready at port 3030
28.7.2024, 22:21:08 - INFO - Server ready at port 3030
28.7.2024, 22:21:41 - INFO - saved succsfully | {"_id":"6iLVuR","title":"Fatal Crashes","severity":1,"description":"the system crash ecery 5 min","createAt":"2024-07-28T19:21:41.623Z"}
28.7.2024, 22:21:42 - INFO - Server ready at port 3030
28.7.2024, 22:22:46 - INFO - Server ready at port 3030
29.7.2024, 9:27:24 - INFO - Server ready at port 3030
29.7.2024, 9:27:34 - INFO - Server ready at port 3030
29.7.2024, 9:27:57 - INFO - Server ready at port 3030
29.7.2024, 9:28:00 - INFO - Server ready at port 3030
29.7.2024, 9:28:06 - INFO - Server ready at port 3030
29.7.2024, 9:28:10 - INFO - Server ready at port 3030
29.7.2024, 9:28:20 - INFO - Server ready at port 3030
29.7.2024, 9:28:23 - INFO - Server ready at port 3030
29.7.2024, 9:28:25 - INFO - Server ready at port 3030
29.7.2024, 9:28:28 - INFO - Server ready at port 3030
29.7.2024, 9:28:31 - INFO - Server ready at port 3030
29.7.2024, 9:28:37 - INFO - Server ready at port 3030
29.7.2024, 9:28:39 - INFO - Server ready at port 3030
29.7.2024, 9:28:41 - INFO - Server ready at port 3030
29.7.2024, 9:28:43 - INFO - Server ready at port 3030
29.7.2024, 9:28:45 - INFO - Server ready at port 3030
29.7.2024, 9:28:49 - INFO - Server ready at port 3030
29.7.2024, 9:28:50 - INFO - Server ready at port 3030
29.7.2024, 9:28:54 - INFO - Server ready at port 3030
29.7.2024, 9:28:58 - INFO - Server ready at port 3030
29.7.2024, 9:29:03 - INFO - Server ready at port 3030
29.7.2024, 9:29:05 - INFO - Server ready at port 3030
29.7.2024, 9:29:08 - INFO - Server ready at port 3030
29.7.2024, 9:29:11 - INFO - Server ready at port 3030
29.7.2024, 9:29:14 - INFO - Server ready at port 3030
29.7.2024, 9:29:17 - INFO - Server ready at port 3030
29.7.2024, 9:29:19 - INFO - Server ready at port 3030
29.7.2024, 9:29:23 - INFO - Server ready at port 3030
29.7.2024, 9:29:25 - INFO - Server ready at port 3030
29.7.2024, 9:29:27 - INFO - Server ready at port 3030
29.7.2024, 9:29:32 - INFO - Server ready at port 3030
29.7.2024, 9:29:34 - INFO - Server ready at port 3030
29.7.2024, 9:29:36 - INFO - Server ready at port 3030
29.7.2024, 9:29:39 - INFO - Server ready at port 3030
29.7.2024, 9:29:40 - INFO - Server ready at port 3030
29.7.2024, 9:29:45 - INFO - Server ready at port 3030
29.7.2024, 9:29:56 - INFO - Server ready at port 3030
29.7.2024, 9:30:00 - INFO - Server ready at port 3030
29.7.2024, 9:30:07 - INFO - Server ready at port 3030
29.7.2024, 9:30:13 - INFO - Server ready at port 3030
29.7.2024, 9:30:15 - INFO - Server ready at port 3030
29.7.2024, 9:30:21 - INFO - Server ready at port 3030
29.7.2024, 9:30:26 - INFO - Server ready at port 3030
29.7.2024, 9:30:31 - INFO - Server ready at port 3030
29.7.2024, 9:30:33 - INFO - Server ready at port 3030
29.7.2024, 9:30:39 - INFO - Server ready at port 3030
29.7.2024, 9:30:43 - INFO - Server ready at port 3030
29.7.2024, 9:30:49 - INFO - Server ready at port 3030
29.7.2024, 9:30:52 - INFO - Server ready at port 3030
29.7.2024, 9:30:57 - INFO - Server ready at port 3030
29.7.2024, 9:31:01 - INFO - Server ready at port 3030
29.7.2024, 9:31:06 - INFO - Server ready at port 3030
29.7.2024, 9:31:09 - INFO - Server ready at port 3030
29.7.2024, 9:31:40 - INFO - Server ready at port 3030
29.7.2024, 9:31:46 - INFO - Server ready at port 3030
29.7.2024, 9:33:49 - INFO - Server ready at port 3030
29.7.2024, 9:34:21 - INFO - Server ready at port 3030
29.7.2024, 9:34:35 - INFO - Server ready at port 3030
29.7.2024, 9:34:42 - INFO - Server ready at port 3030
29.7.2024, 9:34:44 - INFO - Server ready at port 3030
29.7.2024, 9:34:50 - INFO - Server ready at port 3030
29.7.2024, 9:34:55 - INFO - Server ready at port 3030
29.7.2024, 9:34:58 - INFO - Server ready at port 3030
29.7.2024, 9:35:00 - INFO - Server ready at port 3030
29.7.2024, 9:35:01 - INFO - Server ready at port 3030
29.7.2024, 9:35:02 - INFO - Server ready at port 3030
29.7.2024, 9:35:13 - INFO - Server ready at port 3030
29.7.2024, 9:35:26 - INFO - Server ready at port 3030
29.7.2024, 9:36:04 - INFO - Server ready at port 3030
29.7.2024, 9:36:21 - INFO - Server ready at port 3030
29.7.2024, 9:36:23 - INFO - Server ready at port 3030
29.7.2024, 9:36:33 - INFO - Server ready at port 3030
29.7.2024, 9:36:43 - INFO - Server ready at port 3030
29.7.2024, 9:36:45 - INFO - Server ready at port 3030
29.7.2024, 9:36:56 - INFO - Server ready at port 3030
29.7.2024, 9:37:06 - INFO - Server ready at port 3030
29.7.2024, 9:37:13 - INFO - Server ready at port 3030
29.7.2024, 9:37:15 - INFO - Server ready at port 3030
29.7.2024, 9:37:19 - INFO - Server ready at port 3030
29.7.2024, 9:37:27 - INFO - Server ready at port 3030
29.7.2024, 9:37:29 - INFO - Server ready at port 3030
29.7.2024, 9:37:32 - INFO - Server ready at port 3030
29.7.2024, 9:37:34 - INFO - Server ready at port 3030
29.7.2024, 9:37:53 - INFO - Server ready at port 3030
29.7.2024, 9:37:54 - INFO - Server ready at port 3030
29.7.2024, 9:38:00 - INFO - Server ready at port 3030
29.7.2024, 9:38:46 - INFO - Server ready at port 3030
29.7.2024, 9:38:50 - INFO - Server ready at port 3030
29.7.2024, 9:38:55 - INFO - Server ready at port 3030
29.7.2024, 9:39:11 - INFO - Server ready at port 3030
29.7.2024, 9:39:14 - INFO - Server ready at port 3030
29.7.2024, 9:39:25 - INFO - Server ready at port 3030
29.7.2024, 9:39:37 - INFO - Server ready at port 3030
29.7.2024, 9:39:55 - INFO - Server ready at port 3030
29.7.2024, 9:39:56 - INFO - Server ready at port 3030
29.7.2024, 9:40:07 - INFO - Server ready at port 3030
29.7.2024, 9:40:14 - INFO - Server ready at port 3030
29.7.2024, 9:40:39 - INFO - Server ready at port 3030
29.7.2024, 9:40:42 - INFO - Server ready at port 3030
29.7.2024, 9:41:06 - INFO - Server ready at port 3030
29.7.2024, 9:41:17 - INFO - Server ready at port 3030
29.7.2024, 9:41:28 - INFO - Server ready at port 3030
29.7.2024, 9:41:38 - INFO - Server ready at port 3030
29.7.2024, 9:41:42 - INFO - Server ready at port 3030
29.7.2024, 9:41:44 - INFO - Server ready at port 3030
29.7.2024, 9:41:56 - INFO - Server ready at port 3030
29.7.2024, 9:42:37 - INFO - Server ready at port 3030
29.7.2024, 9:42:44 - INFO - Server ready at port 3030
29.7.2024, 9:42:58 - INFO - Server ready at port 3030
29.7.2024, 9:43:22 - INFO - Server ready at port 3030
29.7.2024, 9:43:53 - INFO - Server ready at port 3030
29.7.2024, 9:43:57 - INFO - Server ready at port 3030
29.7.2024, 9:44:05 - INFO - Server ready at port 3030
29.7.2024, 9:44:13 - INFO - Server ready at port 3030
29.7.2024, 9:44:32 - INFO - Server ready at port 3030
29.7.2024, 9:45:17 - INFO - Server ready at port 3030
29.7.2024, 9:45:20 - INFO - Server ready at port 3030
29.7.2024, 9:45:22 - INFO - Server ready at port 3030
29.7.2024, 9:45:29 - INFO - Server ready at port 3030
29.7.2024, 9:45:55 - INFO - Server ready at port 3030
29.7.2024, 9:46:06 - INFO - Server ready at port 3030
29.7.2024, 9:46:11 - INFO - Server ready at port 3030
29.7.2024, 9:47:27 - INFO - Server ready at port 3030
29.7.2024, 9:47:31 - INFO - Server ready at port 3030
29.7.2024, 9:47:32 - INFO - Server ready at port 3030
29.7.2024, 9:48:03 - INFO - Server ready at port 3030
29.7.2024, 9:48:21 - INFO - Server ready at port 3030
29.7.2024, 9:48:22 - INFO - Server ready at port 3030
29.7.2024, 9:50:17 - INFO - Server ready at port 3030
29.7.2024, 9:50:36 - INFO - Server ready at port 3030
29.7.2024, 9:50:40 - INFO - Server ready at port 3030
29.7.2024, 9:50:42 - INFO - Server ready at port 3030
29.7.2024, 9:50:55 - INFO - Server ready at port 3030
29.7.2024, 9:50:57 - INFO - Server ready at port 3030
29.7.2024, 9:50:59 - INFO - Server ready at port 3030
29.7.2024, 9:51:00 - INFO - Server ready at port 3030
29.7.2024, 9:51:15 - INFO - Server ready at port 3030
29.7.2024, 9:51:16 - INFO - Server ready at port 3030
29.7.2024, 9:51:18 - INFO - Server ready at port 3030
29.7.2024, 9:51:20 - INFO - Server ready at port 3030
29.7.2024, 9:52:21 - INFO - Server ready at port 3030
29.7.2024, 9:52:22 - INFO - Server ready at port 3030
29.7.2024, 9:52:44 - INFO - Server ready at port 3030
29.7.2024, 9:53:05 - INFO - Server ready at port 3030
29.7.2024, 9:53:09 - INFO - Server ready at port 3030
29.7.2024, 9:53:15 - INFO - Server ready at port 3030
29.7.2024, 9:53:18 - INFO - Server ready at port 3030
29.7.2024, 9:53:20 - INFO - Server ready at port 3030
29.7.2024, 9:53:30 - INFO - Server ready at port 3030
29.7.2024, 9:53:31 - INFO - Server ready at port 3030
29.7.2024, 9:53:38 - INFO - Server ready at port 3030
29.7.2024, 9:53:48 - INFO - Server ready at port 3030
29.7.2024, 9:53:52 - INFO - Server ready at port 3030
29.7.2024, 9:54:34 - INFO - Server ready at port 3030
29.7.2024, 9:54:46 - INFO - Server ready at port 3030
29.7.2024, 9:54:53 - INFO - Server ready at port 3030
29.7.2024, 9:54:55 - INFO - Server ready at port 3030
29.7.2024, 9:55:23 - INFO - Server ready at port 3030
29.7.2024, 9:55:24 - INFO - Server ready at port 3030
29.7.2024, 9:55:31 - INFO - Server ready at port 3030
29.7.2024, 9:55:33 - INFO - Server ready at port 3030
29.7.2024, 9:55:34 - INFO - Server ready at port 3030
29.7.2024, 9:56:11 - INFO - Server ready at port 3030
29.7.2024, 9:56:21 - INFO - Server ready at port 3030
29.7.2024, 9:56:30 - INFO - Server ready at port 3030
29.7.2024, 9:56:36 - INFO - Server ready at port 3030
29.7.2024, 9:56:39 - INFO - Server ready at port 3030
29.7.2024, 9:56:44 - INFO - Server ready at port 3030
29.7.2024, 9:56:48 - INFO - Server ready at port 3030
29.7.2024, 14:10:48 - ERROR - Couldnt get users | TypeError: Cannot read properties of undefined (reading 'by')
29.7.2024, 14:11:02 - ERROR - Couldnt get bugs | TypeError: Cannot read properties of undefined (reading 'by')
29.7.2024, 14:12:25 - ERROR - Couldnt get bugs | TypeError: Cannot read properties of undefined (reading 'by')
29.7.2024, 14:12:58 - ERROR - Couldnt get bugs | TypeError: Cannot read properties of undefined (reading 'by')
29.7.2024, 14:14:05 - ERROR - Couldnt get bugs | TypeError: Cannot read properties of undefined (reading 'by')
29.7.2024, 14:24:58 - ERROR - Couldnt get users | TypeError: Cannot read properties of undefined (reading 'by')
29.7.2024, 14:25:41 - ERROR - Couldnt get users | TypeError: Cannot read properties of undefined (reading 'by')
29.7.2024, 14:27:06 - INFO - Server ready at port 3030
29.7.2024, 14:27:09 - ERROR - Couldnt get users | TypeError: Cannot read properties of undefined (reading 'by')
29.7.2024, 14:27:18 - INFO - Server ready at port 3030
29.7.2024, 14:27:55 - INFO - Server ready at port 3030
29.7.2024, 14:27:57 - ERROR - Couldnt get users | TypeError: Cannot read properties of undefined (reading 'by')
29.7.2024, 14:28:09 - INFO - Server ready at port 3030
29.7.2024, 15:54:04 - INFO - Server ready at port 3030
29.7.2024, 15:54:13 - INFO - Server ready at port 3030
29.7.2024, 15:54:18 - INFO - Server ready at port 3030
29.7.2024, 15:54:22 - INFO - Server ready at port 3030
29.7.2024, 15:54:24 - INFO - Server ready at port 3030
29.7.2024, 15:54:28 - INFO - Server ready at port 3030
29.7.2024, 15:54:30 - INFO - Server ready at port 3030
29.7.2024, 15:54:32 - INFO - Server ready at port 3030
29.7.2024, 16:17:41 - INFO - Server ready at port 3030
29.7.2024, 16:17:44 - INFO - Server ready at port 3030
29.7.2024, 16:17:46 - INFO - Server ready at port 3030
29.7.2024, 16:17:48 - INFO - Server ready at port 3030
30.7.2024, 9:51:21 - INFO - Server ready at port 3030
30.7.2024, 9:51:52 - INFO - Server ready at port 3030
30.7.2024, 9:51:56 - INFO - Server ready at port 3030
30.7.2024, 9:52:03 - INFO - Server ready at port 3030
30.7.2024, 9:52:06 - INFO - Server ready at port 3030
30.7.2024, 9:52:07 - INFO - Server ready at port 3030
30.7.2024, 9:52:10 - INFO - Server ready at port 3030
30.7.2024, 9:52:11 - INFO - Server ready at port 3030
30.7.2024, 9:52:14 - INFO - Server ready at port 3030
30.7.2024, 9:52:35 - INFO - Server ready at port 3030
30.7.2024, 9:52:36 - INFO - Server ready at port 3030
30.7.2024, 9:53:07 - INFO - Server ready at port 3030
30.7.2024, 9:54:12 - INFO - Server ready at port 3030
30.7.2024, 9:54:59 - INFO - Server ready at port 3030
30.7.2024, 9:55:00 - INFO - Server ready at port 3030
30.7.2024, 9:55:02 - INFO - Server ready at port 3030
30.7.2024, 9:55:55 - INFO - Server ready at port 3030
30.7.2024, 9:55:59 - INFO - Server ready at port 3030
30.7.2024, 9:56:06 - INFO - Server ready at port 3030
30.7.2024, 9:56:08 - INFO - Server ready at port 3030
30.7.2024, 9:56:36 - INFO - Server ready at port 3030
30.7.2024, 9:56:49 - INFO - Server ready at port 3030
30.7.2024, 9:56:57 - INFO - Server ready at port 3030
30.7.2024, 9:56:59 - INFO - Server ready at port 3030
30.7.2024, 9:57:02 - INFO - Server ready at port 3030
30.7.2024, 9:57:05 - INFO - Server ready at port 3030
30.7.2024, 9:57:08 - INFO - Server ready at port 3030
30.7.2024, 9:57:09 - INFO - Server ready at port 3030
30.7.2024, 9:57:13 - INFO - Server ready at port 3030
30.7.2024, 9:57:15 - INFO - Server ready at port 3030
30.7.2024, 9:57:21 - INFO - Server ready at port 3030
30.7.2024, 9:57:22 - INFO - Server ready at port 3030
30.7.2024, 9:57:25 - INFO - Server ready at port 3030
30.7.2024, 9:58:30 - INFO - Server ready at port 3030
30.7.2024, 9:58:35 - INFO - Server ready at port 3030
30.7.2024, 9:58:37 - INFO - Server ready at port 3030
30.7.2024, 9:59:30 - INFO - Server ready at port 3030
30.7.2024, 10:08:29 - INFO - Server ready at port 3030
30.7.2024, 10:08:31 - INFO - Server ready at port 3030
30.7.2024, 10:08:36 - INFO - Server ready at port 3030
30.7.2024, 10:08:46 - INFO - Server ready at port 3030
30.7.2024, 10:08:48 - INFO - Server ready at port 3030
30.7.2024, 10:08:51 - INFO - Server ready at port 3030
30.7.2024, 10:08:53 - INFO - Server ready at port 3030
30.7.2024, 10:08:58 - INFO - Server ready at port 3030
30.7.2024, 10:09:00 - INFO - Server ready at port 3030
30.7.2024, 10:09:04 - INFO - Server ready at port 3030
30.7.2024, 10:09:08 - INFO - Server ready at port 3030
30.7.2024, 10:10:07 - INFO - Server ready at port 3030
30.7.2024, 10:11:53 - INFO - Server ready at port 3030
30.7.2024, 10:12:42 - INFO - Server ready at port 3030
30.7.2024, 10:12:43 - INFO - Server ready at port 3030
30.7.2024, 10:12:48 - INFO - Server ready at port 3030
30.7.2024, 10:13:38 - INFO - Server ready at port 3030
30.7.2024, 10:13:44 - INFO - Server ready at port 3030
30.7.2024, 10:13:48 - INFO - Server ready at port 3030
30.7.2024, 10:13:52 - INFO - Server ready at port 3030
30.7.2024, 10:15:06 - INFO - Server ready at port 3030
30.7.2024, 10:21:27 - INFO - Server ready at port 3030
30.7.2024, 10:21:31 - INFO - Server ready at port 3030
30.7.2024, 10:21:44 - INFO - Server ready at port 3030
30.7.2024, 10:21:49 - INFO - Server ready at port 3030
30.7.2024, 10:21:53 - INFO - Server ready at port 3030
30.7.2024, 10:21:55 - INFO - Server ready at port 3030
30.7.2024, 10:22:04 - INFO - Server ready at port 3030
30.7.2024, 10:22:23 - INFO - Server ready at port 3030
30.7.2024, 10:22:25 - INFO - Server ready at port 3030
30.7.2024, 10:22:28 - INFO - Server ready at port 3030
30.7.2024, 10:22:30 - INFO - Server ready at port 3030
30.7.2024, 10:22:34 - INFO - Server ready at port 3030
30.7.2024, 10:22:40 - INFO - Server ready at port 3030
30.7.2024, 10:24:13 - INFO - Server ready at port 3030
30.7.2024, 10:25:26 - INFO - Server ready at port 3030
30.7.2024, 10:25:29 - INFO - Server ready at port 3030
30.7.2024, 10:27:20 - INFO - Server ready at port 3030
30.7.2024, 10:27:32 - INFO - Server ready at port 3030
30.7.2024, 10:27:40 - INFO - Server ready at port 3030
30.7.2024, 10:28:51 - INFO - Server ready at port 3030
30.7.2024, 10:28:55 - INFO - Server ready at port 3030
30.7.2024, 10:28:59 - INFO - Server ready at port 3030
30.7.2024, 10:29:01 - INFO - Server ready at port 3030
30.7.2024, 10:29:46 - INFO - Server ready at port 3030
30.7.2024, 10:30:22 - INFO - Server ready at port 3030
30.7.2024, 10:30:26 - INFO - Server ready at port 3030
30.7.2024, 10:30:29 - INFO - Server ready at port 3030
30.7.2024, 10:58:40 - INFO - Server ready at port 3030
30.7.2024, 10:58:43 - INFO - Server ready at port 3030
30.7.2024, 10:58:52 - INFO - Server ready at port 3030
30.7.2024, 10:58:59 - INFO - Server ready at port 3030
30.7.2024, 10:59:01 - INFO - Server ready at port 3030
30.7.2024, 10:59:11 - INFO - Server ready at port 3030
30.7.2024, 11:00:07 - INFO - Server ready at port 3030
30.7.2024, 11:00:15 - INFO - Server ready at port 3030
30.7.2024, 11:19:47 - INFO - Server ready at port 3030
30.7.2024, 11:20:05 - INFO - Server ready at port 3030
30.7.2024, 11:20:08 - INFO - Server ready at port 3030
30.7.2024, 11:20:20 - INFO - Server ready at port 3030
30.7.2024, 11:21:12 - INFO - Server ready at port 3030
30.7.2024, 11:22:50 - INFO - Server ready at port 3030
30.7.2024, 11:24:56 - INFO - Server ready at port 3030
30.7.2024, 11:25:38 - INFO - Server ready at port 3030
30.7.2024, 11:25:42 - INFO - Server ready at port 3030
30.7.2024, 11:29:31 - INFO - Server ready at port 3030
30.7.2024, 11:29:53 - INFO - Server ready at port 3030
30.7.2024, 11:30:12 - INFO - Server ready at port 3030
30.7.2024, 11:30:18 - INFO - Server ready at port 3030
30.7.2024, 11:30:22 - INFO - Server ready at port 3030
30.7.2024, 11:30:27 - INFO - Server ready at port 3030
30.7.2024, 11:30:55 - INFO - Server ready at port 3030
30.7.2024, 11:32:55 - INFO - Server ready at port 3030
30.7.2024, 11:33:02 - INFO - Server ready at port 3030
30.7.2024, 11:33:20 - INFO - Server ready at port 3030
30.7.2024, 11:34:49 - INFO - Server ready at port 3030
30.7.2024, 11:34:52 - INFO - Server ready at port 3030
30.7.2024, 11:34:57 - INFO - Server ready at port 3030
30.7.2024, 11:34:58 - INFO - Server ready at port 3030
30.7.2024, 11:35:00 - INFO - Server ready at port 3030
30.7.2024, 11:42:08 - INFO - Server ready at port 3030
30.7.2024, 11:44:14 - INFO - Server ready at port 3030
30.7.2024, 11:44:18 - INFO - Server ready at port 3030
30.7.2024, 11:44:23 - INFO - Server ready at port 3030
30.7.2024, 11:44:51 - INFO - Server ready at port 3030
30.7.2024, 11:48:06 - INFO - Server ready at port 3030
30.7.2024, 11:48:07 - INFO - Server ready at port 3030
30.7.2024, 11:48:08 - INFO - Server ready at port 3030
30.7.2024, 11:48:13 - INFO - Server ready at port 3030
30.7.2024, 11:48:52 - INFO - Server ready at port 3030
30.7.2024, 14:17:21 - INFO - Server ready at port 3030
30.7.2024, 14:18:36 - INFO - saved succsfully | {"_id":"oEdek1","title":"Loading issues","severity":2,"description":"Cant load propely ","createAt":"2024-07-30T11:18:36.511Z"}
30.7.2024, 14:18:37 - INFO - Server ready at port 3030
30.7.2024, 14:20:32 - INFO - Server ready at port 3030
30.7.2024, 14:23:06 - ERROR - Couldnt get bugs | TypeError: Cannot read properties of undefined (reading 'includes')
30.7.2024, 14:24:16 - INFO - Server ready at port 3030
30.7.2024, 14:24:30 - INFO - Server ready at port 3030
30.7.2024, 14:24:31 - INFO - Server ready at port 3030
30.7.2024, 14:25:21 - INFO - saved succsfully | {"_id":"XGuwTY","title":"Fatal carshes","severity":3,"description":"The system crash every 6 hours ","labels":[],"createAt":"2024-07-30T11:25:21.808Z"}
30.7.2024, 14:25:22 - INFO - Server ready at port 3030
30.7.2024, 14:35:27 - INFO - Server ready at port 3030
30.7.2024, 14:36:01 - INFO - Server ready at port 3030
30.7.2024, 14:36:45 - INFO - Server ready at port 3030
30.7.2024, 14:36:56 - INFO - Server ready at port 3030
30.7.2024, 14:37:15 - INFO - Server ready at port 3030
30.7.2024, 14:37:17 - INFO - Server ready at port 3030
30.7.2024, 14:37:22 - INFO - Server ready at port 3030
30.7.2024, 14:37:27 - INFO - Server ready at port 3030
30.7.2024, 14:37:39 - INFO - Server ready at port 3030
30.7.2024, 14:37:43 - INFO - Server ready at port 3030
30.7.2024, 14:37:44 - INFO - Server ready at port 3030
30.7.2024, 14:37:52 - INFO - Server ready at port 3030
30.7.2024, 14:38:02 - INFO - Server ready at port 3030
2.8.2024, 9:47:24 - INFO - Server ready at port 3030
2.8.2024, 9:47:36 - INFO - Server ready at port 3030
5.8.2024, 20:11:07 - INFO - Server ready at port 3030
5.8.2024, 20:51:23 - INFO - Server ready at port 3030
5.8.2024, 20:51:30 - INFO - Server ready at port 3030
5.8.2024, 20:51:36 - INFO - Server ready at port 3030
5.8.2024, 20:51:39 - INFO - Server ready at port 3030
5.8.2024, 20:51:43 - INFO - Server ready at port 3030
5.8.2024, 20:51:45 - INFO - Server ready at port 3030
5.8.2024, 20:51:49 - INFO - Server ready at port 3030
5.8.2024, 20:52:03 - INFO - Server ready at port 3030
5.8.2024, 20:52:04 - INFO - Server ready at port 3030
5.8.2024, 20:52:08 - INFO - Server ready at port 3030
5.8.2024, 20:52:14 - INFO - Server ready at port 3030
5.8.2024, 20:52:18 - INFO - Server ready at port 3030
5.8.2024, 20:52:23 - INFO - Server ready at port 3030
5.8.2024, 20:52:26 - INFO - Server ready at port 3030
5.8.2024, 20:52:42 - INFO - Server ready at port 3030
5.8.2024, 20:52:44 - INFO - Server ready at port 3030
5.8.2024, 20:52:48 - INFO - Server ready at port 3030
5.8.2024, 20:52:50 - INFO - Server ready at port 3030
5.8.2024, 20:52:58 - INFO - Server ready at port 3030
5.8.2024, 20:53:06 - INFO - Server ready at port 3030
5.8.2024, 20:53:13 - INFO - Server ready at port 3030
5.8.2024, 20:53:15 - INFO - Server ready at port 3030
5.8.2024, 20:53:19 - INFO - Server ready at port 3030
5.8.2024, 20:53:20 - INFO - Server ready at port 3030
5.8.2024, 20:53:22 - INFO - Server ready at port 3030
5.8.2024, 20:53:37 - INFO - Server ready at port 3030
5.8.2024, 20:54:57 - INFO - Server ready at port 3030
5.8.2024, 20:55:00 - INFO - Server ready at port 3030
5.8.2024, 20:55:02 - INFO - Server ready at port 3030
5.8.2024, 20:55:18 - INFO - Server ready at port 3030
5.8.2024, 20:55:31 - INFO - Server ready at port 3030
5.8.2024, 20:55:39 - INFO - Server ready at port 3030
5.8.2024, 20:56:54 - INFO - Server ready at port 3030
5.8.2024, 20:56:57 - INFO - Server ready at port 3030
5.8.2024, 20:57:00 - INFO - Server ready at port 3030
5.8.2024, 20:57:04 - INFO - Server ready at port 3030
5.8.2024, 20:57:06 - INFO - Server ready at port 3030
5.8.2024, 20:57:12 - INFO - Server ready at port 3030
5.8.2024, 20:58:34 - INFO - Server ready at port 3030
5.8.2024, 20:58:37 - INFO - Server ready at port 3030
5.8.2024, 20:59:40 - INFO - Server ready at port 3030
5.8.2024, 20:59:41 - INFO - Server ready at port 3030
5.8.2024, 20:59:49 - INFO - Server ready at port 3030
5.8.2024, 20:59:53 - INFO - Server ready at port 3030
5.8.2024, 20:59:54 - INFO - Server ready at port 3030
5.8.2024, 21:00:02 - INFO - Server ready at port 3030
5.8.2024, 21:00:18 - INFO - Server ready at port 3030
5.8.2024, 21:00:54 - INFO - Server ready at port 3030
5.8.2024, 21:01:09 - INFO - Server ready at port 3030
5.8.2024, 21:01:12 - INFO - Server ready at port 3030
5.8.2024, 21:01:14 - INFO - Server ready at port 3030
5.8.2024, 21:01:15 - INFO - Server ready at port 3030
5.8.2024, 21:01:19 - INFO - Server ready at port 3030
5.8.2024, 21:01:30 - INFO - Server ready at port 3030
5.8.2024, 21:01:35 - INFO - Server ready at port 3030
5.8.2024, 21:01:37 - INFO - Server ready at port 3030
5.8.2024, 21:02:26 - INFO - Server ready at port 3030
5.8.2024, 21:02:44 - INFO - Server ready at port 3030
5.8.2024, 21:02:46 - INFO - Server ready at port 3030
5.8.2024, 21:02:48 - INFO - Server ready at port 3030
5.8.2024, 21:02:51 - INFO - Server ready at port 3030
5.8.2024, 21:02:54 - INFO - Server ready at port 3030
5.8.2024, 21:02:56 - INFO - Server ready at port 3030
5.8.2024, 21:03:01 - INFO - Server ready at port 3030
5.8.2024, 21:03:10 - INFO - Server ready at port 3030
5.8.2024, 21:03:12 - INFO - Server ready at port 3030
5.8.2024, 21:03:13 - INFO - Server ready at port 3030
5.8.2024, 21:03:15 - INFO - Server ready at port 3030
5.8.2024, 21:03:24 - INFO - Server ready at port 3030
5.8.2024, 21:03:46 - INFO - Server ready at port 3030
5.8.2024, 21:03:49 - INFO - Server ready at port 3030
5.8.2024, 21:03:51 - INFO - Server ready at port 3030
5.8.2024, 21:03:54 - INFO - Server ready at port 3030
5.8.2024, 21:05:38 - INFO - Server ready at port 3030
5.8.2024, 21:05:40 - INFO - Server ready at port 3030
5.8.2024, 21:05:58 - INFO - Server ready at port 3030
5.8.2024, 21:06:04 - INFO - Server ready at port 3030
5.8.2024, 21:06:11 - INFO - Server ready at port 3030
5.8.2024, 21:06:14 - INFO - Server ready at port 3030
5.8.2024, 21:06:21 - INFO - Server ready at port 3030
5.8.2024, 21:06:24 - INFO - Server ready at port 3030
5.8.2024, 21:06:26 - INFO - Server ready at port 3030
5.8.2024, 21:06:27 - INFO - Server ready at port 3030
5.8.2024, 21:06:29 - INFO - Server ready at port 3030
5.8.2024, 21:06:32 - INFO - Server ready at port 3030
5.8.2024, 21:06:42 - INFO - Server ready at port 3030
5.8.2024, 21:06:45 - INFO - Server ready at port 3030
5.8.2024, 21:06:49 - INFO - Server ready at port 3030
5.8.2024, 21:06:54 - INFO - Server ready at port 3030
5.8.2024, 21:06:58 - INFO - Server ready at port 3030
5.8.2024, 21:07:48 - INFO - Server ready at port 3030
5.8.2024, 21:14:22 - INFO - Server ready at port 3030
5.8.2024, 21:14:24 - INFO - Server ready at port 3030
5.8.2024, 21:14:26 - INFO - Server ready at port 3030
5.8.2024, 21:14:29 - INFO - Server ready at port 3030
5.8.2024, 21:14:53 - INFO - Server ready at port 3030
5.8.2024, 21:14:55 - INFO - Server ready at port 3030
5.8.2024, 21:14:56 - INFO - Server ready at port 3030
5.8.2024, 21:14:58 - INFO - Server ready at port 3030
5.8.2024, 21:15:01 - INFO - Server ready at port 3030
5.8.2024, 21:15:06 - INFO - Server ready at port 3030
5.8.2024, 21:15:19 - INFO - Server ready at port 3030
5.8.2024, 21:15:21 - INFO - Server ready at port 3030
5.8.2024, 21:15:25 - INFO - Server ready at port 3030
5.8.2024, 21:15:29 - INFO - Server ready at port 3030
5.8.2024, 21:16:33 - INFO - Server ready at port 3030
5.8.2024, 21:16:37 - INFO - Server ready at port 3030
5.8.2024, 21:16:39 - INFO - Server ready at port 3030
5.8.2024, 21:16:40 - INFO - Server ready at port 3030
5.8.2024, 21:16:41 - INFO - Server ready at port 3030
5.8.2024, 21:16:44 - INFO - Server ready at port 3030
5.8.2024, 21:16:51 - INFO - Server ready at port 3030
5.8.2024, 21:16:54 - INFO - Server ready at port 3030
5.8.2024, 21:16:56 - INFO - Server ready at port 3030
5.8.2024, 21:16:59 - INFO - Server ready at port 3030
5.8.2024, 21:17:01 - INFO - Server ready at port 3030
5.8.2024, 21:17:04 - INFO - Server ready at port 3030
5.8.2024, 21:17:05 - INFO - Server ready at port 3030
5.8.2024, 21:17:14 - INFO - Server ready at port 3030
5.8.2024, 21:17:15 - INFO - Server ready at port 3030
5.8.2024, 21:17:17 - INFO - Server ready at port 3030
5.8.2024, 21:17:18 - INFO - Server ready at port 3030
5.8.2024, 21:17:22 - INFO - Server ready at port 3030
5.8.2024, 21:17:24 - INFO - Server ready at port 3030
5.8.2024, 21:17:28 - INFO - Server ready at port 3030
5.8.2024, 21:17:31 - INFO - Server ready at port 3030
5.8.2024, 21:18:49 - INFO - Server ready at port 3030
5.8.2024, 21:18:51 - INFO - Server ready at port 3030
5.8.2024, 21:18:53 - INFO - Server ready at port 3030
5.8.2024, 21:19:12 - INFO - Server ready at port 3030
5.8.2024, 21:19:16 - INFO - Server ready at port 3030
5.8.2024, 21:19:19 - INFO - Server ready at port 3030
5.8.2024, 21:19:22 - INFO - Server ready at port 3030
5.8.2024, 21:19:23 - INFO - Server ready at port 3030
5.8.2024, 21:19:25 - INFO - Server ready at port 3030
5.8.2024, 21:19:27 - INFO - Server ready at port 3030
5.8.2024, 21:19:40 - INFO - Server ready at port 3030
5.8.2024, 21:19:46 - INFO - Server ready at port 3030
5.8.2024, 21:20:19 - INFO - Server ready at port 3030
5.8.2024, 21:20:44 - INFO - Server ready at port 3030
5.8.2024, 21:20:51 - INFO - Server ready at port 3030
5.8.2024, 21:20:56 - INFO - Server ready at port 3030
5.8.2024, 21:21:05 - INFO - Server ready at port 3030
5.8.2024, 21:21:38 - INFO - Server ready at port 3030
5.8.2024, 21:21:43 - INFO - Server ready at port 3030
5.8.2024, 21:21:46 - INFO - Server ready at port 3030
5.8.2024, 21:21:50 - INFO - Server ready at port 3030
5.8.2024, 21:21:54 - INFO - Server ready at port 3030
5.8.2024, 21:21:55 - INFO - Server ready at port 3030
5.8.2024, 21:22:06 - INFO - Server ready at port 3030
5.8.2024, 21:22:15 - INFO - Server ready at port 3030
5.8.2024, 21:22:30 - INFO - Server ready at port 3030
5.8.2024, 21:22:36 - INFO - Server ready at port 3030
5.8.2024, 21:22:41 - INFO - Server ready at port 3030
5.8.2024, 21:22:44 - INFO - Server ready at port 3030
5.8.2024, 21:22:47 - INFO - Server ready at port 3030
5.8.2024, 21:22:54 - INFO - Server ready at port 3030
5.8.2024, 21:22:59 - INFO - Server ready at port 3030
5.8.2024, 21:23:03 - INFO - Server ready at port 3030
5.8.2024, 21:23:04 - INFO - Server ready at port 3030
5.8.2024, 21:23:25 - INFO - Server ready at port 3030
5.8.2024, 21:23:32 - INFO - Server ready at port 3030
5.8.2024, 21:23:39 - INFO - Server ready at port 3030
5.8.2024, 21:23:42 - INFO - Server ready at port 3030
5.8.2024, 21:23:44 - INFO - Server ready at port 3030
5.8.2024, 21:23:49 - INFO - Server ready at port 3030
5.8.2024, 21:24:20 - INFO - Server ready at port 3030
5.8.2024, 21:24:22 - INFO - Server ready at port 3030
5.8.2024, 21:24:26 - INFO - Server ready at port 3030
5.8.2024, 21:24:32 - INFO - Server ready at port 3030
5.8.2024, 21:24:47 - INFO - Server ready at port 3030
5.8.2024, 21:24:49 - INFO - Server ready at port 3030
5.8.2024, 21:24:54 - INFO - Server ready at port 3030
5.8.2024, 21:24:55 - INFO - Server ready at port 3030
5.8.2024, 21:25:01 - INFO - Server ready at port 3030
5.8.2024, 21:25:03 - INFO - Server ready at port 3030
5.8.2024, 21:25:09 - INFO - Server ready at port 3030
5.8.2024, 21:25:17 - INFO - Server ready at port 3030
5.8.2024, 21:27:02 - INFO - Server ready at port 3030
5.8.2024, 21:27:06 - INFO - Server ready at port 3030
5.8.2024, 21:27:08 - INFO - Server ready at port 3030
5.8.2024, 21:27:12 - INFO - Server ready at port 3030
5.8.2024, 21:27:15 - INFO - Server ready at port 3030
5.8.2024, 21:27:22 - INFO - Server ready at port 3030
5.8.2024, 21:27:25 - INFO - Server ready at port 3030
5.8.2024, 21:27:26 - INFO - Server ready at port 3030
6.8.2024, 12:06:23 - INFO - Server ready at port 3030
6.8.2024, 12:06:24 - INFO - Server ready at port 3030
6.8.2024, 12:06:28 - INFO - Server ready at port 3030
6.8.2024, 12:06:30 - INFO - Server ready at port 3030
6.8.2024, 12:06:33 - INFO - Server ready at port 3030
6.8.2024, 12:06:37 - INFO - Server ready at port 3030
6.8.2024, 12:06:42 - INFO - Server ready at port 3030
6.8.2024, 12:07:36 - INFO - Server ready at port 3030
6.8.2024, 12:07:42 - INFO - Server ready at port 3030
6.8.2024, 12:07:43 - INFO - Server ready at port 3030
6.8.2024, 12:07:44 - INFO - Server ready at port 3030
6.8.2024, 12:07:45 - INFO - Server ready at port 3030
6.8.2024, 12:09:02 - INFO - Server ready at port 3030
6.8.2024, 12:09:07 - INFO - Server ready at port 3030
6.8.2024, 12:09:10 - INFO - Server ready at port 3030
6.8.2024, 12:09:14 - INFO - Server ready at port 3030
6.8.2024, 12:09:31 - INFO - Server ready at port 3030
6.8.2024, 12:09:35 - INFO - Server ready at port 3030
6.8.2024, 12:09:36 - INFO - Server ready at port 3030
6.8.2024, 12:09:38 - INFO - Server ready at port 3030
6.8.2024, 12:09:39 - INFO - Server ready at port 3030
6.8.2024, 12:09:41 - INFO - Server ready at port 3030
6.8.2024, 12:09:43 - INFO - Server ready at port 3030
6.8.2024, 12:09:47 - INFO - Server ready at port 3030
6.8.2024, 12:09:49 - INFO - Server ready at port 3030
6.8.2024, 12:09:50 - INFO - Server ready at port 3030
6.8.2024, 12:09:52 - INFO - Server ready at port 3030
6.8.2024, 12:10:04 - INFO - Server ready at port 3030
6.8.2024, 12:10:08 - INFO - Server ready at port 3030
6.8.2024, 12:10:12 - INFO - Server ready at port 3030
6.8.2024, 12:10:21 - INFO - Server ready at port 3030
6.8.2024, 12:10:26 - INFO - Server ready at port 3030
6.8.2024, 12:10:32 - INFO - Server ready at port 3030
6.8.2024, 12:10:39 - INFO - Server ready at port 3030
6.8.2024, 12:10:44 - INFO - Server ready at port 3030
6.8.2024, 12:10:51 - INFO - Server ready at port 3030
6.8.2024, 12:10:55 - INFO - Server ready at port 3030
6.8.2024, 12:10:56 - INFO - Server ready at port 3030
6.8.2024, 12:10:59 - INFO - Server ready at port 3030
6.8.2024, 12:11:02 - INFO - Server ready at port 3030
6.8.2024, 12:11:06 - INFO - Server ready at port 3030
6.8.2024, 12:11:10 - INFO - Server ready at port 3030
6.8.2024, 12:11:17 - INFO - Server ready at port 3030
6.8.2024, 12:11:20 - INFO - Server ready at port 3030
6.8.2024, 12:11:21 - INFO - Server ready at port 3030
6.8.2024, 12:11:23 - INFO - Server ready at port 3030
6.8.2024, 12:11:25 - INFO - Server ready at port 3030
6.8.2024, 12:11:27 - INFO - Server ready at port 3030
6.8.2024, 12:11:33 - INFO - Server ready at port 3030
6.8.2024, 12:11:36 - INFO - Server ready at port 3030
6.8.2024, 12:11:41 - INFO - Server ready at port 3030
6.8.2024, 12:11:43 - INFO - Server ready at port 3030
6.8.2024, 12:11:45 - INFO - Server ready at port 3030
6.8.2024, 12:11:48 - INFO - Server ready at port 3030
6.8.2024, 12:11:51 - INFO - Server ready at port 3030
6.8.2024, 12:11:56 - INFO - Server ready at port 3030
6.8.2024, 12:11:59 - INFO - Server ready at port 3030
6.8.2024, 12:12:06 - INFO - Server ready at port 3030
6.8.2024, 12:12:07 - INFO - Server ready at port 3030
6.8.2024, 12:12:10 - INFO - Server ready at port 3030
6.8.2024, 12:12:32 - INFO - Server ready at port 3030
6.8.2024, 12:13:20 - INFO - Server ready at port 3030
6.8.2024, 12:13:22 - INFO - Server ready at port 3030
6.8.2024, 12:13:24 - INFO - Server ready at port 3030
6.8.2024, 12:13:27 - INFO - Server ready at port 3030
6.8.2024, 12:13:30 - INFO - Server ready at port 3030
6.8.2024, 12:13:32 - INFO - Server ready at port 3030
6.8.2024, 12:13:34 - INFO - Server ready at port 3030
6.8.2024, 12:13:40 - INFO - Server ready at port 3030
6.8.2024, 12:13:43 - INFO - Server ready at port 3030
6.8.2024, 12:13:45 - INFO - Server ready at port 3030
6.8.2024, 12:13:49 - INFO - Server ready at port 3030
6.8.2024, 12:13:51 - INFO - Server ready at port 3030
6.8.2024, 12:14:20 - INFO - Server ready at port 3030
6.8.2024, 12:14:23 - INFO - Server ready at port 3030
6.8.2024, 12:14:24 - INFO - Server ready at port 3030
6.8.2024, 12:14:28 - INFO - Server ready at port 3030
6.8.2024, 12:14:31 - INFO - Server ready at port 3030
6.8.2024, 12:14:34 - INFO - Server ready at port 3030
6.8.2024, 12:14:36 - INFO - Server ready at port 3030
6.8.2024, 12:15:08 - INFO - Server ready at port 3030
6.8.2024, 12:15:10 - INFO - Server ready at port 3030
6.8.2024, 12:15:13 - INFO - Server ready at port 3030
6.8.2024, 12:15:15 - INFO - Server ready at port 3030
6.8.2024, 12:15:19 - INFO - Server ready at port 3030
6.8.2024, 12:15:21 - INFO - Server ready at port 3030
6.8.2024, 12:15:24 - INFO - Server ready at port 3030
6.8.2024, 12:15:28 - INFO - Server ready at port 3030
6.8.2024, 12:15:33 - INFO - Server ready at port 3030
6.8.2024, 12:15:35 - INFO - Server ready at port 3030
6.8.2024, 12:15:40 - INFO - Server ready at port 3030
6.8.2024, 12:15:44 - INFO - Server ready at port 3030
6.8.2024, 12:15:46 - INFO - Server ready at port 3030
6.8.2024, 12:15:51 - INFO - Server ready at port 3030
6.8.2024, 12:15:54 - INFO - Server ready at port 3030
6.8.2024, 12:15:56 - INFO - Server ready at port 3030
6.8.2024, 12:16:03 - INFO - Server ready at port 3030
6.8.2024, 12:16:05 - INFO - Server ready at port 3030
6.8.2024, 12:16:07 - INFO - Server ready at port 3030
6.8.2024, 12:16:10 - INFO - Server ready at port 3030
6.8.2024, 12:16:12 - INFO - Server ready at port 3030
6.8.2024, 12:20:53 - INFO - Server ready at port 3030
6.8.2024, 12:31:10 - INFO - user login: | {}
6.8.2024, 12:31:56 - INFO - user login: | {}
6.8.2024, 12:34:24 - INFO - Server ready at port 3030
6.8.2024, 12:34:27 - INFO - Server ready at port 3030
6.8.2024, 12:34:30 - INFO - Server ready at port 3030
6.8.2024, 12:34:34 - INFO - Server ready at port 3030
6.8.2024, 12:34:36 - INFO - Server ready at port 3030
6.8.2024, 12:34:42 - INFO - Server ready at port 3030
6.8.2024, 12:34:47 - INFO - user login: | {}
6.8.2024, 12:35:05 - INFO - Server ready at port 3030
6.8.2024, 12:35:10 - INFO - Server ready at port 3030
6.8.2024, 12:35:12 - INFO - Server ready at port 3030
6.8.2024, 12:35:15 - INFO - Server ready at port 3030
6.8.2024, 12:35:18 - INFO - Server ready at port 3030
6.8.2024, 12:35:25 - INFO - Server ready at port 3030
6.8.2024, 12:35:27 - INFO - Server ready at port 3030
6.8.2024, 12:35:30 - INFO - Server ready at port 3030
6.8.2024, 12:35:33 - INFO - user login: | {}
6.8.2024, 12:35:49 - INFO - Server ready at port 3030
6.8.2024, 12:35:52 - INFO - user login: | {"_id":"u104","fullname":"Michael Cohen","score":90}
6.8.2024, 12:36:27 - INFO - Server ready at port 3030
6.8.2024, 12:36:31 - INFO - Server ready at port 3030
6.8.2024, 12:36:58 - INFO - Server ready at port 3030
6.8.2024, 12:37:01 - INFO - Server ready at port 3030
6.8.2024, 12:37:05 - INFO - Server ready at port 3030
6.8.2024, 12:37:10 - INFO - Server ready at port 3030
6.8.2024, 12:37:12 - INFO - user login: | {"_id":"u101","fullname":"Yosii Bar","score":100}
6.8.2024, 12:38:20 - INFO - user login: | {"_id":"u101","fullname":"Yosii Bar","score":100}
6.8.2024, 12:39:15 - INFO - user login: | {"_id":"u104","fullname":"Michael Cohen","score":90}
6.8.2024, 12:40:17 - INFO - user login: | {"_id":"u101","fullname":"Yosii Bar","score":100}
6.8.2024, 12:40:20 - INFO - user login: | {"_id":"u101","fullname":"Yosii Bar","score":100}
6.8.2024, 12:40:52 - INFO - Server ready at port 3030
6.8.2024, 12:40:55 - INFO - user login: | {"_id":"u102","fullname":"Rami San","score":120}
6.8.2024, 12:41:02 - INFO - Server ready at port 3030
6.8.2024, 12:41:07 - INFO - user login: | {"_id":"u102","fullname":"Rami San","score":120}
6.8.2024, 12:45:52 - INFO - user login: | {"_id":"u101","fullname":"Yosii Bar","score":100}
6.8.2024, 12:46:34 - INFO - user login: | {"_id":"u103","fullname":"Ruthi Levy","score":80}
6.8.2024, 12:46:38 - INFO - user login: | {"_id":"u104","fullname":"Michael Cohen","score":90}
6.8.2024, 12:50:00 - INFO - Server ready at port 3030
6.8.2024, 12:55:56 - INFO - Server ready at port 3030
6.8.2024, 12:56:10 - ERROR - Faild in siging up: | TypeError: Cannot destructure property 'username' of 'undefined' as it is undefined.
6.8.2024, 12:56:43 - INFO - Server ready at port 3030
6.8.2024, 12:56:53 - ERROR - Faild in siging up: | TypeError: Cannot destructure property 'username' of 'undefined' as it is undefined.
6.8.2024, 12:59:44 - ERROR - Faild in siging up: | TypeError: Cannot destructure property 'username' of 'undefined' as it is undefined.
6.8.2024, 13:00:40 - ERROR - Faild in siging up: | TypeError: Cannot destructure property 'username' of 'undefined' as it is undefined.
6.8.2024, 13:02:09 - ERROR - Faild in siging up: | TypeError: Cannot destructure property 'username' of 'undefined' as it is undefined.
6.8.2024, 13:04:37 - ERROR - Faild in siging up: | TypeError: Cannot destructure property 'username' of 'undefined' as it is undefined.
6.8.2024, 13:05:18 - ERROR - Faild in siging up: | TypeError: Cannot destructure property 'username' of 'undefined' as it is undefined.
6.8.2024, 13:06:13 - INFO - Server ready at port 3030
6.8.2024, 13:06:15 - INFO - Server ready at port 3030
6.8.2024, 13:06:21 - INFO - Server ready at port 3030
6.8.2024, 13:06:22 - INFO - Server ready at port 3030
6.8.2024, 13:06:28 - INFO - Server ready at port 3030
6.8.2024, 13:06:31 - INFO - Server ready at port 3030
6.8.2024, 13:06:37 - INFO - Server ready at port 3030
6.8.2024, 13:06:39 - INFO - Server ready at port 3030
6.8.2024, 13:06:41 - INFO - Server ready at port 3030
6.8.2024, 13:06:48 - ERROR - Faild in siging up: | TypeError: Cannot destructure property 'username' of 'undefined' as it is undefined.
6.8.2024, 13:07:32 - INFO - Server ready at port 3030
6.8.2024, 13:07:39 - INFO - Server ready at port 3030
6.8.2024, 13:07:40 - INFO - Server ready at port 3030
6.8.2024, 13:07:42 - INFO - Server ready at port 3030
6.8.2024, 13:07:44 - INFO - user login: | {"_id":"u101","fullname":"Yosii Bar","score":100}
6.8.2024, 13:08:14 - INFO - Server ready at port 3030
6.8.2024, 13:08:21 - INFO - Server ready at port 3030
6.8.2024, 13:08:33 - INFO - Server ready at port 3030
6.8.2024, 13:08:38 - INFO - Server ready at port 3030
6.8.2024, 13:08:42 - ERROR - Faild in siging up: | TypeError: Cannot destructure property 'username' of 'undefined' as it is undefined.
6.8.2024, 13:09:04 - INFO - Server ready at port 3030
6.8.2024, 13:09:07 - INFO - Server ready at port 3030
6.8.2024, 13:09:22 - INFO - Server ready at port 3030
6.8.2024, 13:09:29 - ERROR - Faild in siging up: | ReferenceError: credentials is not defined
6.8.2024, 13:10:59 - INFO - Server ready at port 3030
6.8.2024, 13:11:01 - INFO - Server ready at port 3030
6.8.2024, 13:11:02 - INFO - Server ready at port 3030
6.8.2024, 13:11:08 - INFO - Server ready at port 3030
6.8.2024, 13:11:18 - DEBUG - auth.service - signup with username: Ak1994, fullname: Amit katz
6.8.2024, 13:11:18 - INFO -  new user login: | {"username":"Ak1994","password":"$2b$10$4tOupjV83ZReihfOKoSsGeXzBjwQyNZayRgMNMLaZOk0SP0NKmaje","fullname":"Amit katz","_id":"pi1fjf"}
6.8.2024, 13:11:19 - INFO - Server ready at port 3030
6.8.2024, 13:11:36 - INFO - Server ready at port 3030
6.8.2024, 13:20:58 - INFO - user login: | {"_id":"u101","fullname":"Yosii Bar","score":100}
6.8.2024, 13:21:18 - INFO - user login: | {"_id":"u102","fullname":"Rami San","score":120}
6.8.2024, 13:24:59 - INFO - user login: | {"_id":"u101","fullname":"Yosii Bar","score":100}
6.8.2024, 13:27:34 - INFO - user login: | {"_id":"pi1fjf","fullname":"Amit katz"}
6.8.2024, 13:27:49 - INFO - user login: | {"_id":"u102","fullname":"Rami San","score":120}
6.8.2024, 13:29:06 - INFO - user login: | {"_id":"u101","fullname":"Yosii Bar","score":100}
6.8.2024, 13:29:32 - INFO - user login: | {"_id":"pi1fjf","fullname":"Amit katz"}
6.8.2024, 13:31:20 - INFO - user login: | {"_id":"u102","fullname":"Rami San","score":120}
6.8.2024, 13:31:47 - INFO - user login: | {"_id":"u101","fullname":"Yosii Bar","score":100}
6.8.2024, 13:31:54 - INFO - user login: | {"_id":"u104","fullname":"Michael Cohen","score":90}
6.8.2024, 13:31:57 - INFO - user login: | {"_id":"pi1fjf","fullname":"Amit katz"}
6.8.2024, 13:33:03 - INFO - user login: | {"_id":"u101","fullname":"Yosii Bar","score":100}
6.8.2024, 13:33:49 - DEBUG - auth.service - signup with username: Ak1994, fullname: Amit katz
6.8.2024, 13:33:49 - ERROR - Faild in siging up: | Username already taken
6.8.2024, 13:34:05 - DEBUG - auth.service - signup with username: Ak1994322, fullname: Amit katz
6.8.2024, 13:34:05 - INFO -  new user login: | {"username":"Ak1994322","password":"$2b$10$zO04LybwJnmzy9kTSmXPEut7nZ6AWUgqcMdtRu0j.6snUio9nvdoa","fullname":"Amit katz","_id":"obcUaU"}
6.8.2024, 13:34:06 - INFO - Server ready at port 3030
6.8.2024, 13:34:20 - DEBUG - auth.service - signup with username: Ak1994322, fullname: Amit katz
6.8.2024, 13:34:20 - ERROR - Faild in siging up: | Username already taken
6.8.2024, 13:34:31 - DEBUG - auth.service - signup with username: Ak1994322, fullname: Amit katz12
6.8.2024, 13:34:31 - ERROR - Faild in siging up: | Username already taken
6.8.2024, 13:34:47 - DEBUG - auth.service - signup with username: Yuvi, fullname: Yuval
6.8.2024, 13:34:47 - INFO -  new user login: | {"username":"Yuvi","password":"$2b$10$qgtqWKgx5e6RyzybIgHPDeRXFa6OY5kyBAYDOsdnr/NeCWIlc0JLu","fullname":"Yuval","_id":"GO9nPI"}
6.8.2024, 13:34:48 - INFO - Server ready at port 3030
6.8.2024, 14:29:43 - INFO - user login: | {"_id":"u101","fullname":"Yosii Bar","score":100}
6.8.2024, 14:32:58 - INFO - user login: | {"_id":"pi1fjf","fullname":"Amit katz"}
6.8.2024, 14:37:34 - INFO - Server ready at port 3030
6.8.2024, 14:37:55 - INFO - Server ready at port 3030
6.8.2024, 14:38:16 - INFO - Server ready at port 3030
6.8.2024, 14:38:27 - INFO - Server ready at port 3030
6.8.2024, 14:40:07 - INFO - Server ready at port 3030
6.8.2024, 14:40:12 - INFO - Server ready at port 3030
6.8.2024, 14:40:14 - INFO - Server ready at port 3030
6.8.2024, 14:44:00 - INFO - saved succsfully | {"_id":"mKzQY8","title":"Creator test","severity":2,"description":"Aiiii biii","labels":[],"creator":{"_id":"pi1fjf","fullname":"Amit katz"},"createAt":"2024-08-06T11:44:00.031Z"}
6.8.2024, 14:44:01 - INFO - Server ready at port 3030
6.8.2024, 14:57:13 - INFO - user login: | {"_id":"u104","fullname":"Michael Cohen","score":90}
6.8.2024, 14:58:21 - INFO - user login: | {"_id":"u102","fullname":"Rami San","score":120}
6.8.2024, 15:01:01 - INFO - user login: | {"_id":"u101","fullname":"Yosii Bar","score":100}
6.8.2024, 15:01:41 - INFO - user login: | {"_id":"u101","fullname":"Yosii Bar","score":100}
6.8.2024, 15:07:18 - INFO - Server ready at port 3030
6.8.2024, 15:07:21 - INFO - Server ready at port 3030
6.8.2024, 15:07:29 - INFO - Server ready at port 3030
6.8.2024, 15:07:33 - INFO - Server ready at port 3030
6.8.2024, 15:08:40 - INFO - user login: | {"_id":"pi1fjf","fullname":"Amit katz"}
6.8.2024, 15:08:53 - INFO - user login: | {"_id":"u104","fullname":"Michael Cohen","score":90}
6.8.2024, 15:09:16 - INFO - saved succsfully | {"_id":"UglZva","title":"Shumu Shamiin","severity":5,"description":"Ma KOre Poh","labels":[],"creator":{"_id":"u104","fullname":"Michael Cohen"},"createAt":"2024-08-06T12:09:16.017Z"}
6.8.2024, 15:09:17 - INFO - Server ready at port 3030
6.8.2024, 15:31:01 - INFO - Server ready at port 3030
6.8.2024, 15:31:10 - INFO - Server ready at port 3030
6.8.2024, 15:31:18 - INFO - Server ready at port 3030
6.8.2024, 15:31:27 - INFO - Server ready at port 3030
6.8.2024, 15:31:34 - INFO - Server ready at port 3030
6.8.2024, 15:31:38 - INFO - Server ready at port 3030
6.8.2024, 15:31:41 - INFO - Server ready at port 3030
6.8.2024, 15:31:44 - INFO - Server ready at port 3030
6.8.2024, 15:31:47 - INFO - Server ready at port 3030
6.8.2024, 15:31:49 - INFO - Server ready at port 3030
6.8.2024, 15:31:54 - INFO - Server ready at port 3030
6.8.2024, 15:32:44 - INFO - Server ready at port 3030
6.8.2024, 15:32:48 - INFO - Server ready at port 3030
6.8.2024, 15:32:50 - INFO - Server ready at port 3030
6.8.2024, 15:32:56 - INFO - Server ready at port 3030
6.8.2024, 15:35:46 - INFO - user login: | {"_id":"pi1fjf","fullname":"Amit katz","isAdmin":true}
6.8.2024, 15:39:50 - INFO - user login: | {"_id":"u103","fullname":"Ruthi Levy","score":80,"isAdmin":false}
6.8.2024, 15:41:51 - INFO - user login: | {"_id":"pi1fjf","fullname":"Amit katz","isAdmin":true}
6.8.2024, 15:44:25 - INFO - user login: | {"_id":"pi1fjf","fullname":"Amit katz","isAdmin":true}
6.8.2024, 16:10:15 - INFO - user login: | {"_id":"u102","fullname":"Rami San","score":120,"isAdmin":false}
6.8.2024, 16:10:37 - INFO - user login: | {"_id":"pi1fjf","fullname":"Amit katz","isAdmin":true}
6.8.2024, 16:11:15 - INFO - user login: | {"_id":"u101","fullname":"Yosii Bar","score":100,"isAdmin":false}
6.8.2024, 16:11:22 - INFO - user login: | {"_id":"pi1fjf","fullname":"Amit katz","isAdmin":true}
6.8.2024, 16:13:10 - INFO - user login: | {"_id":"pi1fjf","fullname":"Amit katz","isAdmin":true}
6.8.2024, 16:13:18 - INFO - user login: | {"_id":"u102","fullname":"Rami San","score":120,"isAdmin":false}
6.8.2024, 16:13:35 - INFO - user login: | {"_id":"pi1fjf","fullname":"Amit katz","isAdmin":true}
6.8.2024, 16:13:48 - INFO - user login: | {"_id":"u101","fullname":"Yosii Bar","score":100,"isAdmin":false}
6.8.2024, 16:14:05 - INFO - user login: | {"_id":"u104","fullname":"Michael Cohen","score":90,"isAdmin":false}
6.8.2024, 16:14:16 - INFO - user login: | {"_id":"pi1fjf","fullname":"Amit katz","isAdmin":true}
6.8.2024, 16:14:52 - INFO - user login: | {"_id":"u104","fullname":"Michael Cohen","score":90,"isAdmin":false}
6.8.2024, 16:19:09 - INFO - user login: | {"_id":"u101","fullname":"Yosii Bar","score":100,"isAdmin":false}
6.8.2024, 16:19:49 - INFO - Server ready at port 3030
6.8.2024, 16:20:08 - INFO - user login: | {"_id":"pi1fjf","fullname":"Amit katz","isAdmin":true}
6.8.2024, 16:22:22 - INFO - user login: | {"_id":"u104","fullname":"Michael Cohen","score":90,"isAdmin":false}
6.8.2024, 16:26:03 - INFO - user login: | {"_id":"u101","fullname":"Yosii Bar","score":100,"isAdmin":false}
6.8.2024, 16:29:26 - INFO - user login: | {"_id":"pi1fjf","fullname":"Amit katz","isAdmin":true}
6.8.2024, 16:33:08 - INFO - user login: | {"_id":"u101","fullname":"Yosii Bar","score":100,"isAdmin":false}
6.8.2024, 17:27:41 - INFO - user login: | {"_id":"u102","fullname":"Rami San","score":120,"isAdmin":false}
6.8.2024, 17:31:43 - INFO - user login: | {"_id":"u101","fullname":"Yosii Bar","score":100,"isAdmin":false}
6.8.2024, 21:51:24 - INFO - user login: | {"_id":"pi1fjf","fullname":"Amit katz","isAdmin":true}
6.8.2024, 21:51:44 - INFO - Server ready at port 3030
6.8.2024, 21:52:55 - INFO - user login: | {"_id":"u102","fullname":"Rami San","score":120,"isAdmin":false}
6.8.2024, 21:52:59 - INFO - user login: | {"_id":"u102","fullname":"Rami San","score":120,"isAdmin":false}
6.8.2024, 21:53:47 - INFO - Server ready at port 3030
6.8.2024, 21:54:24 - INFO - Server ready at port 3030
6.8.2024, 21:54:40 - INFO - Server ready at port 3030
6.8.2024, 21:54:58 - INFO - Server ready at port 3030
6.8.2024, 21:57:49 - INFO - Server ready at port 3030
6.8.2024, 21:57:57 - INFO - Server ready at port 3030
6.8.2024, 22:08:27 - INFO - Server ready at port 3030
6.8.2024, 22:08:34 - INFO - Server ready at port 3030
6.8.2024, 22:08:55 - INFO - Server ready at port 3030
6.8.2024, 22:08:56 - INFO - Server ready at port 3030
6.8.2024, 22:08:59 - INFO - Server ready at port 3030
6.8.2024, 22:09:02 - INFO - Server ready at port 3030
6.8.2024, 22:09:03 - INFO - Server ready at port 3030
6.8.2024, 22:09:28 - INFO - Server ready at port 3030
6.8.2024, 22:09:34 - INFO - Server ready at port 3030
6.8.2024, 22:10:19 - INFO - Server ready at port 3030
6.8.2024, 22:10:54 - INFO - Server ready at port 3030
6.8.2024, 22:11:24 - INFO - user login: | {"_id":"pi1fjf","fullname":"Amit katz","isAdmin":true}
8.8.2024, 9:01:52 - INFO - Server ready at port 3030
8.8.2024, 9:02:17 - INFO - Server ready at port 3030
8.8.2024, 9:02:23 - INFO - Server ready at port 3030
8.8.2024, 9:02:24 - INFO - Server ready at port 3030
8.8.2024, 9:03:26 - INFO - Server ready at port 3030
8.8.2024, 9:03:30 - INFO - Server ready at port 3030
8.8.2024, 9:03:33 - INFO - Server ready at port 3030
8.8.2024, 9:03:39 - INFO - Server ready at port 3030
8.8.2024, 9:03:53 - INFO - Server ready at port 3030
8.8.2024, 9:04:00 - INFO - Server ready at port 3030
8.8.2024, 9:04:17 - INFO - saved succsfully | {"_id":"GeZ1z0","title":"Bug2","severity":2,"description":"Rita","labels":[],"creator":{"_id":"pi1fjf","fullname":"Amit katz","isAdmin":true},"createAt":"2024-08-08T06:04:17.695Z"}
8.8.2024, 9:04:18 - INFO - Server ready at port 3030
8.8.2024, 9:14:42 - INFO - Server ready at port 3030
8.8.2024, 9:14:45 - INFO - Server ready at port 3030
8.8.2024, 9:15:23 - INFO - Server ready at port 3030
8.8.2024, 11:18:41 - INFO - user login: | {"_id":"GO9nPI","fullname":"Yuval","isAdmin":false}
8.8.2024, 11:18:47 - INFO - Server ready at port 3030
8.8.2024, 11:19:23 - INFO - Server ready at port 3030
8.8.2024, 11:19:27 - INFO - Server ready at port 3030
8.8.2024, 11:21:19 - INFO - Server ready at port 3030
8.8.2024, 11:21:25 - INFO - Server ready at port 3030
8.8.2024, 11:21:28 - INFO - Server ready at port 3030
8.8.2024, 11:21:50 - INFO - Server ready at port 3030
8.8.2024, 11:21:57 - INFO - Server ready at port 3030
8.8.2024, 11:22:09 - INFO - Server ready at port 3030
8.8.2024, 11:22:35 - INFO - Server ready at port 3030
8.8.2024, 11:22:38 - INFO - Server ready at port 3030
8.8.2024, 11:23:16 - INFO - Server ready at port 3030
8.8.2024, 11:23:35 - INFO - Server ready at port 3030
8.8.2024, 11:24:15 - INFO - Server ready at port 3030
8.8.2024, 11:24:30 - INFO - Server ready at port 3030
8.8.2024, 11:24:37 - INFO - Server ready at port 3030
8.8.2024, 11:24:55 - INFO - Server ready at port 3030
8.8.2024, 11:25:00 - INFO - Server ready at port 3030
8.8.2024, 11:25:26 - INFO - Server ready at port 3030
8.8.2024, 11:25:30 - INFO - Server ready at port 3030
8.8.2024, 11:25:35 - INFO - Server ready at port 3030
8.8.2024, 11:25:44 - INFO - Server ready at port 3030
8.8.2024, 11:25:58 - INFO - Server ready at port 3030
8.8.2024, 11:26:03 - INFO - Server ready at port 3030
8.8.2024, 11:26:58 - INFO - Server ready at port 3030
8.8.2024, 11:27:02 - INFO - Server ready at port 3030
8.8.2024, 11:27:12 - INFO - Server ready at port 3030
8.8.2024, 11:29:00 - INFO - Server ready at port 3030
8.8.2024, 11:29:06 - INFO - Server ready at port 3030
8.8.2024, 11:29:13 - INFO - Server ready at port 3030
8.8.2024, 11:29:15 - INFO - Server ready at port 3030
8.8.2024, 11:29:17 - INFO - Server ready at port 3030
8.8.2024, 11:29:18 - INFO - Server ready at port 3030
8.8.2024, 11:29:22 - INFO - Server ready at port 3030
8.8.2024, 11:29:24 - INFO - Server ready at port 3030
8.8.2024, 11:29:32 - INFO - Server ready at port 3030
8.8.2024, 11:29:36 - INFO - Server ready at port 3030
8.8.2024, 11:29:41 - INFO - Server ready at port 3030
8.8.2024, 11:33:47 - INFO - Server ready at port 3030
8.8.2024, 11:34:15 - INFO - Server ready at port 3030
8.8.2024, 11:34:20 - INFO - Server ready at port 3030
8.8.2024, 11:34:30 - INFO - Server ready at port 3030
8.8.2024, 11:34:32 - INFO - Server ready at port 3030
8.8.2024, 11:34:51 - INFO - Server ready at port 3030
8.8.2024, 11:35:17 - INFO - Server ready at port 3030
8.8.2024, 11:35:21 - INFO - Server ready at port 3030
8.8.2024, 11:35:42 - INFO - Server ready at port 3030
8.8.2024, 11:35:43 - INFO - Server ready at port 3030
8.8.2024, 11:35:51 - INFO - Server ready at port 3030
8.8.2024, 11:35:52 - INFO - Server ready at port 3030
8.8.2024, 11:35:54 - INFO - Server ready at port 3030
8.8.2024, 11:36:08 - INFO - user login: | {"_id":"pi1fjf","fullname":"Amit katz","isAdmin":true}
8.8.2024, 11:36:20 - INFO - Server ready at port 3030
8.8.2024, 11:36:34 - INFO - Server ready at port 3030
8.8.2024, 11:36:38 - INFO - Server ready at port 3030
8.8.2024, 11:36:44 - INFO - Server ready at port 3030
8.8.2024, 11:37:08 - INFO - Server ready at port 3030
8.8.2024, 11:38:48 - INFO - Server ready at port 3030
8.8.2024, 11:38:58 - INFO - Server ready at port 3030
8.8.2024, 11:39:03 - INFO - Server ready at port 3030
8.8.2024, 11:39:12 - INFO - Server ready at port 3030
8.8.2024, 11:39:20 - INFO - Server ready at port 3030
8.8.2024, 11:39:29 - INFO - Server ready at port 3030
8.8.2024, 11:39:33 - INFO - Server ready at port 3030
8.8.2024, 11:39:35 - INFO - Server ready at port 3030
8.8.2024, 11:41:45 - INFO - Server ready at port 3030
8.8.2024, 11:41:54 - INFO - Server ready at port 3030
8.8.2024, 11:42:16 - INFO - Server ready at port 3030
8.8.2024, 11:42:21 - INFO - Server ready at port 3030
8.8.2024, 11:42:25 - INFO - Server ready at port 3030
8.8.2024, 11:42:36 - INFO - user login: | {"_id":"u102","fullname":"Rami San","score":120,"isAdmin":false}
8.8.2024, 11:43:08 - INFO - Server ready at port 3030
8.8.2024, 11:43:26 - ERROR - Couldn't remove bug with | Cant delete this bug
8.8.2024, 11:43:53 - INFO - Server ready at port 3030
8.8.2024, 11:43:59 - INFO - Server ready at port 3030
8.8.2024, 11:44:03 - INFO - Server ready at port 3030
8.8.2024, 11:44:04 - ERROR - Couldn't remove bug with | not allowed to delete this bug
8.8.2024, 11:44:45 - INFO - Server ready at port 3030
8.8.2024, 11:44:46 - ERROR - Couldn't remove bug with | not allowed to delete this bug
8.8.2024, 11:45:19 - INFO - Server ready at port 3030
8.8.2024, 11:45:33 - INFO - user login: | {"_id":"u104","fullname":"Michael Cohen","score":90,"isAdmin":false}
8.8.2024, 11:45:42 - INFO - saved succsfully | {"_id":"CdmSMz","title":"Timoty","severity":5,"description":"dgfgfgfg","labels":[],"creator":{"_id":"u104","fullname":"Michael Cohen","isAdmin":false},"createAt":"2024-08-08T08:45:42.923Z"}
8.8.2024, 11:45:44 - INFO - Server ready at port 3030
8.8.2024, 11:45:54 - INFO - saved succsfully | {"_id":"6nyqBV","title":"Ninya","severity":3,"description":"etrtfgfg","labels":[],"creator":{"_id":"u104","fullname":"Michael Cohen","isAdmin":false},"createAt":"2024-08-08T08:45:54.994Z"}
8.8.2024, 11:45:56 - INFO - Server ready at port 3030
8.8.2024, 11:46:26 - INFO - Server ready at port 3030
8.8.2024, 11:46:30 - INFO - Server ready at port 3030
8.8.2024, 11:46:34 - INFO - Server ready at port 3030
8.8.2024, 11:46:55 - INFO - user login: | {"_id":"pi1fjf","fullname":"Amit katz","isAdmin":true}
8.8.2024, 11:47:08 - INFO - saved succsfully | {"_id":"VfxNBM","title":"Admin creted","severity":3,"description":"ddgdgfgf","labels":[],"creator":{"_id":"pi1fjf","fullname":"Amit katz","isAdmin":true},"createAt":"2024-08-08T08:47:08.388Z"}
8.8.2024, 11:47:09 - INFO - Server ready at port 3030
8.8.2024, 11:47:21 - INFO - Server ready at port 3030
8.8.2024, 11:47:30 - INFO - Server ready at port 3030
8.8.2024, 11:48:28 - INFO - user login: | {"_id":"u102","fullname":"Rami San","score":120,"isAdmin":false}
8.8.2024, 12:21:02 - INFO - user login: | {"_id":"u104","fullname":"Michael Cohen","score":90,"isAdmin":false}
8.8.2024, 12:35:32 - INFO - user login: | {"_id":"u103","fullname":"Ruthi Levy","score":80,"isAdmin":false}
8.8.2024, 12:37:13 - INFO - user login: | {"_id":"pi1fjf","fullname":"Amit katz","isAdmin":true}
8.8.2024, 12:52:15 - ERROR - Couldnt get bugs | TypeError: Cannot read properties of undefined (reading 'by')
8.8.2024, 12:52:15 - ERROR - Couldnt get bugs | TypeError: Cannot read properties of undefined (reading 'by')
8.8.2024, 12:52:32 - ERROR - Couldnt get bugs | TypeError: Cannot read properties of undefined (reading 'by')
8.8.2024, 12:52:32 - ERROR - Couldnt get bugs | TypeError: Cannot read properties of undefined (reading 'by')
8.8.2024, 12:52:47 - ERROR - Couldnt get bugs | TypeError: Cannot read properties of undefined (reading 'by')
8.8.2024, 12:52:47 - ERROR - Couldnt get bugs | TypeError: Cannot read properties of undefined (reading 'by')
8.8.2024, 12:52:53 - ERROR - Couldnt get bugs | TypeError: Cannot read properties of undefined (reading 'by')
8.8.2024, 12:52:53 - ERROR - Couldnt get bugs | TypeError: Cannot read properties of undefined (reading 'by')
8.8.2024, 12:53:33 - ERROR - Couldnt get bugs | TypeError: Cannot read properties of undefined (reading 'by')
8.8.2024, 12:53:33 - ERROR - Couldnt get bugs | TypeError: Cannot read properties of undefined (reading 'by')
8.8.2024, 12:53:40 - ERROR - Couldnt get bugs | TypeError: Cannot read properties of undefined (reading 'by')
8.8.2024, 12:53:40 - ERROR - Couldnt get bugs | TypeError: Cannot read properties of undefined (reading 'by')
8.8.2024, 12:53:45 - ERROR - Couldnt get bugs | TypeError: Cannot read properties of undefined (reading 'by')
8.8.2024, 12:53:45 - ERROR - Couldnt get bugs | TypeError: Cannot read properties of undefined (reading 'by')
8.8.2024, 12:53:47 - ERROR - Couldnt get bugs | TypeError: Cannot read properties of undefined (reading 'by')
8.8.2024, 12:53:47 - ERROR - Couldnt get bugs | TypeError: Cannot read properties of undefined (reading 'by')
8.8.2024, 12:53:53 - ERROR - Couldnt get bugs | TypeError: Cannot read properties of undefined (reading 'by')
8.8.2024, 12:53:53 - ERROR - Couldnt get bugs | TypeError: Cannot read properties of undefined (reading 'by')
8.8.2024, 12:54:01 - ERROR - Couldnt get bugs | TypeError: Cannot read properties of undefined (reading 'by')
8.8.2024, 12:54:01 - ERROR - Couldnt get bugs | TypeError: Cannot read properties of undefined (reading 'by')
8.8.2024, 12:54:06 - ERROR - Couldnt get bugs | TypeError: Cannot read properties of undefined (reading 'by')
8.8.2024, 12:54:06 - ERROR - Couldnt get bugs | TypeError: Cannot read properties of undefined (reading 'by')
8.8.2024, 12:54:35 - ERROR - Couldnt get bugs | TypeError: Cannot read properties of undefined (reading 'by')
8.8.2024, 12:54:35 - ERROR - Couldnt get bugs | TypeError: Cannot read properties of undefined (reading 'by')
8.8.2024, 12:54:58 - ERROR - Couldnt get bugs | TypeError: Cannot read properties of undefined (reading 'by')
8.8.2024, 12:54:58 - ERROR - Couldnt get bugs | TypeError: Cannot read properties of undefined (reading 'by')
8.8.2024, 12:55:06 - ERROR - Couldnt get bugs | TypeError: Cannot read properties of undefined (reading 'by')
8.8.2024, 12:55:06 - ERROR - Couldnt get bugs | TypeError: Cannot read properties of undefined (reading 'by')
8.8.2024, 12:55:17 - ERROR - Couldnt get bugs | TypeError: Cannot read properties of undefined (reading 'by')
8.8.2024, 12:55:17 - ERROR - Couldnt get bugs | TypeError: Cannot read properties of undefined (reading 'by')
8.8.2024, 12:55:45 - ERROR - Couldnt get bugs | TypeError: Cannot read properties of undefined (reading 'by')
8.8.2024, 12:55:50 - ERROR - Couldnt get bugs | TypeError: Cannot read properties of undefined (reading 'by')
8.8.2024, 12:56:40 - ERROR - Couldnt get bugs | TypeError: Cannot read properties of undefined (reading 'by')
8.8.2024, 13:11:47 - ERROR - Couldnt get bugs | TypeError: Cannot read properties of undefined (reading 'by')
8.8.2024, 13:11:47 - ERROR - Couldnt get bugs | TypeError: Cannot read properties of undefined (reading 'by')
8.8.2024, 13:11:57 - ERROR - Couldnt get bugs | TypeError: Cannot read properties of undefined (reading 'by')
8.8.2024, 13:11:57 - ERROR - Couldnt get bugs | TypeError: Cannot read properties of undefined (reading 'by')
8.8.2024, 13:12:25 - ERROR - Couldnt get bugs | TypeError: Cannot read properties of undefined (reading 'by')
8.8.2024, 13:12:25 - ERROR - Couldnt get bugs | TypeError: Cannot read properties of undefined (reading 'by')
